[1.408s] Invoking command in '/home/mrinal/warehouse_ws/src/warehouse_simulator': PYTHONPATH=/home/mrinal/warehouse_ws/build/warehouse_simulator/prefix_override:/usr/lib/python3/dist-packages/colcon_core/task/python/colcon_distutils_commands:/home/mrinal/warehouse_ws/install/warehouse_simulator/lib/python3.10/site-packages:${PYTHONPATH} /usr/bin/python3 -W ignore:setup.py install is deprecated -W ignore:easy_install command is deprecated setup.py egg_info --egg-base ../../build/warehouse_simulator build --build-base /home/mrinal/warehouse_ws/build/warehouse_simulator/build install --record /home/mrinal/warehouse_ws/build/warehouse_simulator/install.log --single-version-externally-managed install_data
[1.589s] running egg_info
[1.590s] creating ../../build/warehouse_simulator/warehouse_simulator.egg-info
[1.590s] writing ../../build/warehouse_simulator/warehouse_simulator.egg-info/PKG-INFO
[1.590s] writing dependency_links to ../../build/warehouse_simulator/warehouse_simulator.egg-info/dependency_links.txt
[1.590s] writing entry points to ../../build/warehouse_simulator/warehouse_simulator.egg-info/entry_points.txt
[1.591s] writing requirements to ../../build/warehouse_simulator/warehouse_simulator.egg-info/requires.txt
[1.591s] writing top-level names to ../../build/warehouse_simulator/warehouse_simulator.egg-info/top_level.txt
[1.591s] writing manifest file '../../build/warehouse_simulator/warehouse_simulator.egg-info/SOURCES.txt'
[1.594s] reading manifest file '../../build/warehouse_simulator/warehouse_simulator.egg-info/SOURCES.txt'
[1.595s] writing manifest file '../../build/warehouse_simulator/warehouse_simulator.egg-info/SOURCES.txt'
[1.595s] running build
[1.595s] running build_py
[1.595s] creating /home/mrinal/warehouse_ws/build/warehouse_simulator/build
[1.595s] creating /home/mrinal/warehouse_ws/build/warehouse_simulator/build/lib
[1.595s] creating /home/mrinal/warehouse_ws/build/warehouse_simulator/build/lib/warehouse_simulator
[1.596s] copying warehouse_simulator/robot_agent.py -> /home/mrinal/warehouse_ws/build/warehouse_simulator/build/lib/warehouse_simulator
[1.596s] copying warehouse_simulator/fleet_manager.py -> /home/mrinal/warehouse_ws/build/warehouse_simulator/build/lib/warehouse_simulator
[1.597s] copying warehouse_simulator/__init__.py -> /home/mrinal/warehouse_ws/build/warehouse_simulator/build/lib/warehouse_simulator
[1.597s] copying warehouse_simulator/warehouse_map.py -> /home/mrinal/warehouse_ws/build/warehouse_simulator/build/lib/warehouse_simulator
[1.597s] running install
[1.598s] running install_lib
[1.598s] creating /home/mrinal/warehouse_ws/install/warehouse_simulator/lib/python3.10/site-packages/warehouse_simulator
[1.598s] copying /home/mrinal/warehouse_ws/build/warehouse_simulator/build/lib/warehouse_simulator/robot_agent.py -> /home/mrinal/warehouse_ws/install/warehouse_simulator/lib/python3.10/site-packages/warehouse_simulator
[1.599s] copying /home/mrinal/warehouse_ws/build/warehouse_simulator/build/lib/warehouse_simulator/fleet_manager.py -> /home/mrinal/warehouse_ws/install/warehouse_simulator/lib/python3.10/site-packages/warehouse_simulator
[1.599s] copying /home/mrinal/warehouse_ws/build/warehouse_simulator/build/lib/warehouse_simulator/__init__.py -> /home/mrinal/warehouse_ws/install/warehouse_simulator/lib/python3.10/site-packages/warehouse_simulator
[1.599s] copying /home/mrinal/warehouse_ws/build/warehouse_simulator/build/lib/warehouse_simulator/warehouse_map.py -> /home/mrinal/warehouse_ws/install/warehouse_simulator/lib/python3.10/site-packages/warehouse_simulator
[1.599s] byte-compiling /home/mrinal/warehouse_ws/install/warehouse_simulator/lib/python3.10/site-packages/warehouse_simulator/robot_agent.py to robot_agent.cpython-310.pyc
[1.600s] byte-compiling /home/mrinal/warehouse_ws/install/warehouse_simulator/lib/python3.10/site-packages/warehouse_simulator/fleet_manager.py to fleet_manager.cpython-310.pyc
[1.601s] byte-compiling /home/mrinal/warehouse_ws/install/warehouse_simulator/lib/python3.10/site-packages/warehouse_simulator/__init__.py to __init__.cpython-310.pyc
[1.601s] byte-compiling /home/mrinal/warehouse_ws/install/warehouse_simulator/lib/python3.10/site-packages/warehouse_simulator/warehouse_map.py to warehouse_map.cpython-310.pyc
[1.602s] running install_data
[1.602s] creating /home/mrinal/warehouse_ws/install/warehouse_simulator/share/ament_index
[1.602s] creating /home/mrinal/warehouse_ws/install/warehouse_simulator/share/ament_index/resource_index
[1.602s] creating /home/mrinal/warehouse_ws/install/warehouse_simulator/share/ament_index/resource_index/packages
[1.602s] copying resource/warehouse_simulator -> /home/mrinal/warehouse_ws/install/warehouse_simulator/share/ament_index/resource_index/packages
[1.603s] copying package.xml -> /home/mrinal/warehouse_ws/install/warehouse_simulator/share/warehouse_simulator
[1.603s] creating /home/mrinal/warehouse_ws/install/warehouse_simulator/share/warehouse_simulator/launch
[1.603s] copying launch/bringup.launch.py -> /home/mrinal/warehouse_ws/install/warehouse_simulator/share/warehouse_simulator/launch
[1.603s] running install_egg_info
[1.605s] Copying ../../build/warehouse_simulator/warehouse_simulator.egg-info to /home/mrinal/warehouse_ws/install/warehouse_simulator/lib/python3.10/site-packages/warehouse_simulator-0.0.0-py3.10.egg-info
[1.606s] running install_scripts
[1.622s] Installing fleet_manager script to /home/mrinal/warehouse_ws/install/warehouse_simulator/lib/warehouse_simulator
[1.622s] Installing robot_agent script to /home/mrinal/warehouse_ws/install/warehouse_simulator/lib/warehouse_simulator
[1.623s] Installing warehouse_map script to /home/mrinal/warehouse_ws/install/warehouse_simulator/lib/warehouse_simulator
[1.623s] writing list of installed files to '/home/mrinal/warehouse_ws/build/warehouse_simulator/install.log'
[1.642s] Invoked command in '/home/mrinal/warehouse_ws/src/warehouse_simulator' returned '0': PYTHONPATH=/home/mrinal/warehouse_ws/build/warehouse_simulator/prefix_override:/usr/lib/python3/dist-packages/colcon_core/task/python/colcon_distutils_commands:/home/mrinal/warehouse_ws/install/warehouse_simulator/lib/python3.10/site-packages:${PYTHONPATH} /usr/bin/python3 -W ignore:setup.py install is deprecated -W ignore:easy_install command is deprecated setup.py egg_info --egg-base ../../build/warehouse_simulator build --build-base /home/mrinal/warehouse_ws/build/warehouse_simulator/build install --record /home/mrinal/warehouse_ws/build/warehouse_simulator/install.log --single-version-externally-managed install_data
