/home/mrinal/warehouse_ws/install/warehouse_simulator/lib/python3.10/site-packages/warehouse_simulator/robot_agent.py
/home/mrinal/warehouse_ws/install/warehouse_simulator/lib/python3.10/site-packages/warehouse_simulator/fleet_manager.py
/home/mrinal/warehouse_ws/install/warehouse_simulator/lib/python3.10/site-packages/warehouse_simulator/pathfinder.py
/home/mrinal/warehouse_ws/install/warehouse_simulator/lib/python3.10/site-packages/warehouse_simulator/__init__.py
/home/mrinal/warehouse_ws/install/warehouse_simulator/lib/python3.10/site-packages/warehouse_simulator/warehouse_map.py
/home/mrinal/warehouse_ws/install/warehouse_simulator/lib/python3.10/site-packages/warehouse_simulator/__pycache__/robot_agent.cpython-310.pyc
/home/mrinal/warehouse_ws/install/warehouse_simulator/lib/python3.10/site-packages/warehouse_simulator/__pycache__/fleet_manager.cpython-310.pyc
/home/mrinal/warehouse_ws/install/warehouse_simulator/lib/python3.10/site-packages/warehouse_simulator/__pycache__/pathfinder.cpython-310.pyc
/home/mrinal/warehouse_ws/install/warehouse_simulator/lib/python3.10/site-packages/warehouse_simulator/__pycache__/__init__.cpython-310.pyc
/home/mrinal/warehouse_ws/install/warehouse_simulator/lib/python3.10/site-packages/warehouse_simulator/__pycache__/warehouse_map.cpython-310.pyc
/home/mrinal/warehouse_ws/install/warehouse_simulator/share/ament_index/resource_index/packages/warehouse_simulator
/home/mrinal/warehouse_ws/install/warehouse_simulator/share/warehouse_simulator/package.xml
/home/mrinal/warehouse_ws/install/warehouse_simulator/share/warehouse_simulator/launch/bringup.launch.py
/home/mrinal/warehouse_ws/install/warehouse_simulator/lib/python3.10/site-packages/warehouse_simulator-0.0.0-py3.10.egg-info/top_level.txt
/home/mrinal/warehouse_ws/install/warehouse_simulator/lib/python3.10/site-packages/warehouse_simulator-0.0.0-py3.10.egg-info/requires.txt
/home/mrinal/warehouse_ws/install/warehouse_simulator/lib/python3.10/site-packages/warehouse_simulator-0.0.0-py3.10.egg-info/entry_points.txt
/home/mrinal/warehouse_ws/install/warehouse_simulator/lib/python3.10/site-packages/warehouse_simulator-0.0.0-py3.10.egg-info/PKG-INFO
/home/mrinal/warehouse_ws/install/warehouse_simulator/lib/python3.10/site-packages/warehouse_simulator-0.0.0-py3.10.egg-info/SOURCES.txt
/home/mrinal/warehouse_ws/install/warehouse_simulator/lib/python3.10/site-packages/warehouse_simulator-0.0.0-py3.10.egg-info/zip-safe
/home/mrinal/warehouse_ws/install/warehouse_simulator/lib/python3.10/site-packages/warehouse_simulator-0.0.0-py3.10.egg-info/dependency_links.txt
/home/mrinal/warehouse_ws/install/warehouse_simulator/lib/warehouse_simulator/fleet_manager
/home/mrinal/warehouse_ws/install/warehouse_simulator/lib/warehouse_simulator/robot_agent
/home/mrinal/warehouse_ws/install/warehouse_simulator/lib/warehouse_simulator/warehouse_map
