-- The C compiler identification is GNU 11.4.0
-- The CXX compiler identification is GNU 11.4.0
-- Detecting C compiler ABI info
-- Detecting C compiler ABI info - done
-- Check for working C compiler: /usr/bin/cc - skipped
-- Detecting C compile features
-- Detecting C compile features - done
-- Detecting CXX compiler ABI info
-- Detecting CXX compiler ABI info - done
-- Check for working CXX compiler: /usr/bin/c++ - skipped
-- Detecting CXX compile features
-- Detecting CXX compile features - done
-- Found ament_cmake: 1.3.14 (/opt/ros/humble/share/ament_cmake/cmake)
-- Found Python3: /usr/bin/python3 (found version "3.10.12") found components: Interpreter 
-- Found rosidl_default_generators: 1.2.1 (/opt/ros/humble/share/rosidl_default_generators/cmake)
-- Using all available rosidl_typesupport_c: rosidl_typesupport_fastrtps_c;rosidl_typesupport_introspection_c
-- Found rosidl_adapter: 3.1.8 (/opt/ros/humble/share/rosidl_adapter/cmake)
-- Using all available rosidl_typesupport_cpp: rosidl_typesupport_fastrtps_cpp;rosidl_typesupport_introspection_cpp
-- Found ament_cmake_ros: 0.10.0 (/opt/ros/humble/share/ament_cmake_ros/cmake)
-- Using all available rosidl_typesupport_c: rosidl_typesupport_fastrtps_c;rosidl_typesupport_introspection_c
-- Using all available rosidl_typesupport_cpp: rosidl_typesupport_fastrtps_cpp;rosidl_typesupport_introspection_cpp
-- Found PythonInterp: /usr/bin/python3 (found suitable version "3.10.12", minimum required is "3.6") 
-- Found python_cmake_module: 0.10.0 (/opt/ros/humble/share/python_cmake_module/cmake)
-- Found PythonLibs: /usr/lib/x86_64-linux-gnu/libpython3.10.so (found suitable version "3.10.12", minimum required is "3.5") 
-- Using PYTHON_EXECUTABLE: /usr/bin/python3
-- Using PYTHON_INCLUDE_DIRS: /usr/include/python3.10
-- Using PYTHON_LIBRARIES: /usr/lib/x86_64-linux-gnu/libpython3.10.so
-- Found PythonExtra: .so  
-- Configuring done
-- Generating done
-- Build files have been written to: /home/mrinal/warehouse_ws/build/warehouse_interfaces
[  3%] [34m[1mGenerating C code for ROS interfaces[0m
[  6%] [34m[1mGenerating Rust code for ROS interfaces[0m
[  9%] [34m[1mGenerating C++ code for ROS interfaces[0m
[  9%] Built target ament_cmake_python_copy_warehouse_interfaces
running egg_info
creating warehouse_interfaces.egg-info
writing warehouse_interfaces.egg-info/PKG-INFO
writing dependency_links to warehouse_interfaces.egg-info/dependency_links.txt
writing top-level names to warehouse_interfaces.egg-info/top_level.txt
writing manifest file 'warehouse_interfaces.egg-info/SOURCES.txt'
reading manifest file 'warehouse_interfaces.egg-info/SOURCES.txt'
writing manifest file 'warehouse_interfaces.egg-info/SOURCES.txt'
[  9%] Built target warehouse_interfaces__rs
[  9%] Built target ament_cmake_python_build_warehouse_interfaces_egg
[  9%] Built target warehouse_interfaces__cpp
[ 12%] [32mBuilding C object CMakeFiles/warehouse_interfaces__rosidl_generator_c.dir/rosidl_generator_c/warehouse_interfaces/srv/detail/assign_task__functions.c.o[0m
[ 18%] [34m[1mGenerating C++ type support dispatch for ROS interfaces[0m
[ 18%] [34m[1mGenerating C++ introspection for ROS interfaces[0m
[ 21%] [34m[1mGenerating C++ type support for eProsima Fast-RTPS[0m
[ 25%] [32m[1mLinking C shared library libwarehouse_interfaces__rosidl_generator_c.so[0m
[ 28%] [32mBuilding CXX object CMakeFiles/warehouse_interfaces__rosidl_typesupport_cpp.dir/rosidl_typesupport_cpp/warehouse_interfaces/srv/assign_task__type_support.cpp.o[0m
[ 28%] Built target warehouse_interfaces__rosidl_generator_c
[ 34%] [34m[1mGenerating C type support for eProsima Fast-RTPS[0m
[ 37%] [34m[1mGenerating C type support dispatch for ROS interfaces[0m
[ 37%] [32mBuilding CXX object CMakeFiles/warehouse_interfaces__rosidl_typesupport_introspection_cpp.dir/rosidl_typesupport_introspection_cpp/warehouse_interfaces/srv/detail/assign_task__type_support.cpp.o[0m
[ 40%] [34m[1mGenerating C introspection for ROS interfaces[0m
[ 43%] [32mBuilding CXX object CMakeFiles/warehouse_interfaces__rosidl_typesupport_fastrtps_cpp.dir/rosidl_typesupport_fastrtps_cpp/warehouse_interfaces/srv/detail/dds_fastrtps/assign_task__type_support.cpp.o[0m
[ 46%] [32mBuilding CXX object CMakeFiles/warehouse_interfaces__rosidl_typesupport_c.dir/rosidl_typesupport_c/warehouse_interfaces/srv/assign_task__type_support.cpp.o[0m
[ 50%] [32mBuilding C object CMakeFiles/warehouse_interfaces__rosidl_typesupport_introspection_c.dir/rosidl_typesupport_introspection_c/warehouse_interfaces/srv/detail/assign_task__type_support.c.o[0m
[ 53%] [32m[1mLinking CXX shared library libwarehouse_interfaces__rosidl_typesupport_c.so[0m
[ 56%] [32mBuilding CXX object CMakeFiles/warehouse_interfaces__rosidl_typesupport_fastrtps_c.dir/rosidl_typesupport_fastrtps_c/warehouse_interfaces/srv/detail/assign_task__type_support_c.cpp.o[0m
[ 59%] [32m[1mLinking CXX shared library libwarehouse_interfaces__rosidl_typesupport_cpp.so[0m
[ 62%] [32m[1mLinking C shared library libwarehouse_interfaces__rosidl_typesupport_introspection_c.so[0m
[ 65%] [32m[1mLinking CXX shared library libwarehouse_interfaces__rosidl_typesupport_introspection_cpp.so[0m
[ 68%] [32m[1mLinking CXX shared library libwarehouse_interfaces__rosidl_typesupport_fastrtps_cpp.so[0m
[ 68%] Built target warehouse_interfaces__rosidl_typesupport_cpp
[ 68%] Built target warehouse_interfaces__rosidl_typesupport_c
[ 71%] [32m[1mLinking CXX shared library libwarehouse_interfaces__rosidl_typesupport_fastrtps_c.so[0m
[ 71%] Built target warehouse_interfaces__rosidl_typesupport_introspection_c
[ 71%] Built target warehouse_interfaces__rosidl_typesupport_introspection_cpp
[ 71%] Built target warehouse_interfaces__rosidl_typesupport_fastrtps_cpp
[ 71%] Built target warehouse_interfaces__rosidl_typesupport_fastrtps_c
[ 71%] Built target warehouse_interfaces
[ 75%] [34m[1mGenerating Python code for ROS interfaces[0m
[ 75%] Built target warehouse_interfaces__py
[ 78%] [32mBuilding C object CMakeFiles/warehouse_interfaces__rosidl_generator_py.dir/rosidl_generator_py/warehouse_interfaces/srv/_assign_task_s.c.o[0m
[ 81%] [32m[1mLinking C shared library rosidl_generator_py/warehouse_interfaces/libwarehouse_interfaces__rosidl_generator_py.so[0m
[ 81%] Built target warehouse_interfaces__rosidl_generator_py
[ 84%] [32mBuilding C object CMakeFiles/warehouse_interfaces__rosidl_typesupport_fastrtps_c__pyext.dir/rosidl_generator_py/warehouse_interfaces/_warehouse_interfaces_s.ep.rosidl_typesupport_fastrtps_c.c.o[0m
[ 87%] [32mBuilding C object CMakeFiles/warehouse_interfaces__rosidl_typesupport_c__pyext.dir/rosidl_generator_py/warehouse_interfaces/_warehouse_interfaces_s.ep.rosidl_typesupport_c.c.o[0m
[ 90%] [32mBuilding C object CMakeFiles/warehouse_interfaces__rosidl_typesupport_introspection_c__pyext.dir/rosidl_generator_py/warehouse_interfaces/_warehouse_interfaces_s.ep.rosidl_typesupport_introspection_c.c.o[0m
[ 93%] [32m[1mLinking C shared library rosidl_generator_py/warehouse_interfaces/warehouse_interfaces_s__rosidl_typesupport_c.cpython-310-x86_64-linux-gnu.so[0m
[ 96%] [32m[1mLinking C shared library rosidl_generator_py/warehouse_interfaces/warehouse_interfaces_s__rosidl_typesupport_fastrtps_c.cpython-310-x86_64-linux-gnu.so[0m
[100%] [32m[1mLinking C shared library rosidl_generator_py/warehouse_interfaces/warehouse_interfaces_s__rosidl_typesupport_introspection_c.cpython-310-x86_64-linux-gnu.so[0m
[100%] Built target warehouse_interfaces__rosidl_typesupport_introspection_c__pyext
[100%] Built target warehouse_interfaces__rosidl_typesupport_fastrtps_c__pyext
[100%] Built target warehouse_interfaces__rosidl_typesupport_c__pyext
-- Install configuration: ""
-- Installing: /home/mrinal/warehouse_ws/install/warehouse_interfaces/share/ament_index/resource_index/rosidl_interfaces/warehouse_interfaces
-- Installing: /home/mrinal/warehouse_ws/install/warehouse_interfaces/include/warehouse_interfaces/warehouse_interfaces
-- Installing: /home/mrinal/warehouse_ws/install/warehouse_interfaces/include/warehouse_interfaces/warehouse_interfaces/msg
-- Installing: /home/mrinal/warehouse_ws/install/warehouse_interfaces/include/warehouse_interfaces/warehouse_interfaces/msg/rosidl_generator_c__visibility_control.h
-- Installing: /home/mrinal/warehouse_ws/install/warehouse_interfaces/include/warehouse_interfaces/warehouse_interfaces/srv
-- Installing: /home/mrinal/warehouse_ws/install/warehouse_interfaces/include/warehouse_interfaces/warehouse_interfaces/srv/assign_task.h
-- Installing: /home/mrinal/warehouse_ws/install/warehouse_interfaces/include/warehouse_interfaces/warehouse_interfaces/srv/detail
-- Installing: /home/mrinal/warehouse_ws/install/warehouse_interfaces/include/warehouse_interfaces/warehouse_interfaces/srv/detail/assign_task__type_support.h
-- Installing: /home/mrinal/warehouse_ws/install/warehouse_interfaces/include/warehouse_interfaces/warehouse_interfaces/srv/detail/assign_task__functions.h
-- Installing: /home/mrinal/warehouse_ws/install/warehouse_interfaces/include/warehouse_interfaces/warehouse_interfaces/srv/detail/assign_task__functions.c
-- Installing: /home/mrinal/warehouse_ws/install/warehouse_interfaces/include/warehouse_interfaces/warehouse_interfaces/srv/detail/assign_task__struct.h
-- Installing: /home/mrinal/warehouse_ws/install/warehouse_interfaces/share/warehouse_interfaces/environment/library_path.sh
-- Installing: /home/mrinal/warehouse_ws/install/warehouse_interfaces/share/warehouse_interfaces/environment/library_path.dsv
-- Installing: /home/mrinal/warehouse_ws/install/warehouse_interfaces/lib/libwarehouse_interfaces__rosidl_generator_c.so
-- Set runtime path of "/home/mrinal/warehouse_ws/install/warehouse_interfaces/lib/libwarehouse_interfaces__rosidl_generator_c.so" to ""
-- Up-to-date: /home/mrinal/warehouse_ws/install/warehouse_interfaces/include/warehouse_interfaces/warehouse_interfaces
-- Up-to-date: /home/mrinal/warehouse_ws/install/warehouse_interfaces/include/warehouse_interfaces/warehouse_interfaces/msg
-- Installing: /home/mrinal/warehouse_ws/install/warehouse_interfaces/include/warehouse_interfaces/warehouse_interfaces/msg/rosidl_typesupport_fastrtps_c__visibility_control.h
-- Up-to-date: /home/mrinal/warehouse_ws/install/warehouse_interfaces/include/warehouse_interfaces/warehouse_interfaces/srv
-- Up-to-date: /home/mrinal/warehouse_ws/install/warehouse_interfaces/include/warehouse_interfaces/warehouse_interfaces/srv/detail
-- Installing: /home/mrinal/warehouse_ws/install/warehouse_interfaces/include/warehouse_interfaces/warehouse_interfaces/srv/detail/assign_task__rosidl_typesupport_fastrtps_c.h
-- Installing: /home/mrinal/warehouse_ws/install/warehouse_interfaces/lib/libwarehouse_interfaces__rosidl_typesupport_fastrtps_c.so
-- Set runtime path of "/home/mrinal/warehouse_ws/install/warehouse_interfaces/lib/libwarehouse_interfaces__rosidl_typesupport_fastrtps_c.so" to ""
-- Up-to-date: /home/mrinal/warehouse_ws/install/warehouse_interfaces/include/warehouse_interfaces/warehouse_interfaces
-- Up-to-date: /home/mrinal/warehouse_ws/install/warehouse_interfaces/include/warehouse_interfaces/warehouse_interfaces/msg
-- Installing: /home/mrinal/warehouse_ws/install/warehouse_interfaces/include/warehouse_interfaces/warehouse_interfaces/msg/rosidl_typesupport_introspection_c__visibility_control.h
-- Up-to-date: /home/mrinal/warehouse_ws/install/warehouse_interfaces/include/warehouse_interfaces/warehouse_interfaces/srv
-- Up-to-date: /home/mrinal/warehouse_ws/install/warehouse_interfaces/include/warehouse_interfaces/warehouse_interfaces/srv/detail
-- Installing: /home/mrinal/warehouse_ws/install/warehouse_interfaces/include/warehouse_interfaces/warehouse_interfaces/srv/detail/assign_task__type_support.c
-- Installing: /home/mrinal/warehouse_ws/install/warehouse_interfaces/include/warehouse_interfaces/warehouse_interfaces/srv/detail/assign_task__rosidl_typesupport_introspection_c.h
-- Installing: /home/mrinal/warehouse_ws/install/warehouse_interfaces/lib/libwarehouse_interfaces__rosidl_typesupport_introspection_c.so
-- Set runtime path of "/home/mrinal/warehouse_ws/install/warehouse_interfaces/lib/libwarehouse_interfaces__rosidl_typesupport_introspection_c.so" to ""
-- Installing: /home/mrinal/warehouse_ws/install/warehouse_interfaces/lib/libwarehouse_interfaces__rosidl_typesupport_c.so
-- Set runtime path of "/home/mrinal/warehouse_ws/install/warehouse_interfaces/lib/libwarehouse_interfaces__rosidl_typesupport_c.so" to ""
-- Up-to-date: /home/mrinal/warehouse_ws/install/warehouse_interfaces/include/warehouse_interfaces/warehouse_interfaces
-- Up-to-date: /home/mrinal/warehouse_ws/install/warehouse_interfaces/include/warehouse_interfaces/warehouse_interfaces/msg
-- Installing: /home/mrinal/warehouse_ws/install/warehouse_interfaces/include/warehouse_interfaces/warehouse_interfaces/msg/rosidl_generator_cpp__visibility_control.hpp
-- Up-to-date: /home/mrinal/warehouse_ws/install/warehouse_interfaces/include/warehouse_interfaces/warehouse_interfaces/srv
-- Installing: /home/mrinal/warehouse_ws/install/warehouse_interfaces/include/warehouse_interfaces/warehouse_interfaces/srv/assign_task.hpp
-- Up-to-date: /home/mrinal/warehouse_ws/install/warehouse_interfaces/include/warehouse_interfaces/warehouse_interfaces/srv/detail
-- Installing: /home/mrinal/warehouse_ws/install/warehouse_interfaces/include/warehouse_interfaces/warehouse_interfaces/srv/detail/assign_task__type_support.hpp
-- Installing: /home/mrinal/warehouse_ws/install/warehouse_interfaces/include/warehouse_interfaces/warehouse_interfaces/srv/detail/assign_task__traits.hpp
-- Installing: /home/mrinal/warehouse_ws/install/warehouse_interfaces/include/warehouse_interfaces/warehouse_interfaces/srv/detail/assign_task__struct.hpp
-- Installing: /home/mrinal/warehouse_ws/install/warehouse_interfaces/include/warehouse_interfaces/warehouse_interfaces/srv/detail/assign_task__builder.hpp
-- Up-to-date: /home/mrinal/warehouse_ws/install/warehouse_interfaces/include/warehouse_interfaces/warehouse_interfaces
-- Up-to-date: /home/mrinal/warehouse_ws/install/warehouse_interfaces/include/warehouse_interfaces/warehouse_interfaces/msg
-- Installing: /home/mrinal/warehouse_ws/install/warehouse_interfaces/include/warehouse_interfaces/warehouse_interfaces/msg/rosidl_typesupport_fastrtps_cpp__visibility_control.h
-- Up-to-date: /home/mrinal/warehouse_ws/install/warehouse_interfaces/include/warehouse_interfaces/warehouse_interfaces/srv
-- Up-to-date: /home/mrinal/warehouse_ws/install/warehouse_interfaces/include/warehouse_interfaces/warehouse_interfaces/srv/detail
-- Installing: /home/mrinal/warehouse_ws/install/warehouse_interfaces/include/warehouse_interfaces/warehouse_interfaces/srv/detail/assign_task__rosidl_typesupport_fastrtps_cpp.hpp
-- Installing: /home/mrinal/warehouse_ws/install/warehouse_interfaces/include/warehouse_interfaces/warehouse_interfaces/srv/detail/dds_fastrtps
-- Installing: /home/mrinal/warehouse_ws/install/warehouse_interfaces/lib/libwarehouse_interfaces__rosidl_typesupport_fastrtps_cpp.so
-- Set runtime path of "/home/mrinal/warehouse_ws/install/warehouse_interfaces/lib/libwarehouse_interfaces__rosidl_typesupport_fastrtps_cpp.so" to ""
-- Up-to-date: /home/mrinal/warehouse_ws/install/warehouse_interfaces/include/warehouse_interfaces/warehouse_interfaces
-- Up-to-date: /home/mrinal/warehouse_ws/install/warehouse_interfaces/include/warehouse_interfaces/warehouse_interfaces/srv
-- Up-to-date: /home/mrinal/warehouse_ws/install/warehouse_interfaces/include/warehouse_interfaces/warehouse_interfaces/srv/detail
-- Installing: /home/mrinal/warehouse_ws/install/warehouse_interfaces/include/warehouse_interfaces/warehouse_interfaces/srv/detail/assign_task__type_support.cpp
-- Installing: /home/mrinal/warehouse_ws/install/warehouse_interfaces/include/warehouse_interfaces/warehouse_interfaces/srv/detail/assign_task__rosidl_typesupport_introspection_cpp.hpp
-- Installing: /home/mrinal/warehouse_ws/install/warehouse_interfaces/lib/libwarehouse_interfaces__rosidl_typesupport_introspection_cpp.so
-- Set runtime path of "/home/mrinal/warehouse_ws/install/warehouse_interfaces/lib/libwarehouse_interfaces__rosidl_typesupport_introspection_cpp.so" to ""
-- Installing: /home/mrinal/warehouse_ws/install/warehouse_interfaces/lib/libwarehouse_interfaces__rosidl_typesupport_cpp.so
-- Set runtime path of "/home/mrinal/warehouse_ws/install/warehouse_interfaces/lib/libwarehouse_interfaces__rosidl_typesupport_cpp.so" to ""
-- Installing: /home/mrinal/warehouse_ws/install/warehouse_interfaces/share/warehouse_interfaces/environment/pythonpath.sh
-- Installing: /home/mrinal/warehouse_ws/install/warehouse_interfaces/share/warehouse_interfaces/environment/pythonpath.dsv
-- Installing: /home/mrinal/warehouse_ws/install/warehouse_interfaces/local/lib/python3.10/dist-packages/warehouse_interfaces-0.0.0-py3.10.egg-info
-- Installing: /home/mrinal/warehouse_ws/install/warehouse_interfaces/local/lib/python3.10/dist-packages/warehouse_interfaces-0.0.0-py3.10.egg-info/top_level.txt
-- Installing: /home/mrinal/warehouse_ws/install/warehouse_interfaces/local/lib/python3.10/dist-packages/warehouse_interfaces-0.0.0-py3.10.egg-info/PKG-INFO
-- Installing: /home/mrinal/warehouse_ws/install/warehouse_interfaces/local/lib/python3.10/dist-packages/warehouse_interfaces-0.0.0-py3.10.egg-info/SOURCES.txt
-- Installing: /home/mrinal/warehouse_ws/install/warehouse_interfaces/local/lib/python3.10/dist-packages/warehouse_interfaces-0.0.0-py3.10.egg-info/dependency_links.txt
-- Installing: /home/mrinal/warehouse_ws/install/warehouse_interfaces/local/lib/python3.10/dist-packages/warehouse_interfaces
-- Installing: /home/mrinal/warehouse_ws/install/warehouse_interfaces/local/lib/python3.10/dist-packages/warehouse_interfaces/libwarehouse_interfaces__rosidl_generator_py.so
-- Installing: /home/mrinal/warehouse_ws/install/warehouse_interfaces/local/lib/python3.10/dist-packages/warehouse_interfaces/warehouse_interfaces_s__rosidl_typesupport_fastrtps_c.cpython-310-x86_64-linux-gnu.so
-- Installing: /home/mrinal/warehouse_ws/install/warehouse_interfaces/local/lib/python3.10/dist-packages/warehouse_interfaces/__init__.py
-- Installing: /home/mrinal/warehouse_ws/install/warehouse_interfaces/local/lib/python3.10/dist-packages/warehouse_interfaces/_warehouse_interfaces_s.ep.rosidl_typesupport_fastrtps_c.c
-- Installing: /home/mrinal/warehouse_ws/install/warehouse_interfaces/local/lib/python3.10/dist-packages/warehouse_interfaces/warehouse_interfaces_s__rosidl_typesupport_introspection_c.cpython-310-x86_64-linux-gnu.so
-- Installing: /home/mrinal/warehouse_ws/install/warehouse_interfaces/local/lib/python3.10/dist-packages/warehouse_interfaces/srv
-- Installing: /home/mrinal/warehouse_ws/install/warehouse_interfaces/local/lib/python3.10/dist-packages/warehouse_interfaces/srv/_assign_task.py
-- Installing: /home/mrinal/warehouse_ws/install/warehouse_interfaces/local/lib/python3.10/dist-packages/warehouse_interfaces/srv/__init__.py
-- Installing: /home/mrinal/warehouse_ws/install/warehouse_interfaces/local/lib/python3.10/dist-packages/warehouse_interfaces/srv/_assign_task_s.c
-- Installing: /home/mrinal/warehouse_ws/install/warehouse_interfaces/local/lib/python3.10/dist-packages/warehouse_interfaces/warehouse_interfaces_s__rosidl_typesupport_c.cpython-310-x86_64-linux-gnu.so
-- Installing: /home/mrinal/warehouse_ws/install/warehouse_interfaces/local/lib/python3.10/dist-packages/warehouse_interfaces/_warehouse_interfaces_s.ep.rosidl_typesupport_c.c
-- Installing: /home/mrinal/warehouse_ws/install/warehouse_interfaces/local/lib/python3.10/dist-packages/warehouse_interfaces/_warehouse_interfaces_s.ep.rosidl_typesupport_introspection_c.c
Listing '/home/mrinal/warehouse_ws/install/warehouse_interfaces/local/lib/python3.10/dist-packages/warehouse_interfaces'...
Compiling '/home/mrinal/warehouse_ws/install/warehouse_interfaces/local/lib/python3.10/dist-packages/warehouse_interfaces/__init__.py'...
Listing '/home/mrinal/warehouse_ws/install/warehouse_interfaces/local/lib/python3.10/dist-packages/warehouse_interfaces/srv'...
Compiling '/home/mrinal/warehouse_ws/install/warehouse_interfaces/local/lib/python3.10/dist-packages/warehouse_interfaces/srv/__init__.py'...
Compiling '/home/mrinal/warehouse_ws/install/warehouse_interfaces/local/lib/python3.10/dist-packages/warehouse_interfaces/srv/_assign_task.py'...
-- Installing: /home/mrinal/warehouse_ws/install/warehouse_interfaces/local/lib/python3.10/dist-packages/warehouse_interfaces/warehouse_interfaces_s__rosidl_typesupport_fastrtps_c.cpython-310-x86_64-linux-gnu.so
-- Set runtime path of "/home/mrinal/warehouse_ws/install/warehouse_interfaces/local/lib/python3.10/dist-packages/warehouse_interfaces/warehouse_interfaces_s__rosidl_typesupport_fastrtps_c.cpython-310-x86_64-linux-gnu.so" to ""
-- Installing: /home/mrinal/warehouse_ws/install/warehouse_interfaces/local/lib/python3.10/dist-packages/warehouse_interfaces/warehouse_interfaces_s__rosidl_typesupport_introspection_c.cpython-310-x86_64-linux-gnu.so
-- Set runtime path of "/home/mrinal/warehouse_ws/install/warehouse_interfaces/local/lib/python3.10/dist-packages/warehouse_interfaces/warehouse_interfaces_s__rosidl_typesupport_introspection_c.cpython-310-x86_64-linux-gnu.so" to ""
-- Installing: /home/mrinal/warehouse_ws/install/warehouse_interfaces/local/lib/python3.10/dist-packages/warehouse_interfaces/warehouse_interfaces_s__rosidl_typesupport_c.cpython-310-x86_64-linux-gnu.so
-- Set runtime path of "/home/mrinal/warehouse_ws/install/warehouse_interfaces/local/lib/python3.10/dist-packages/warehouse_interfaces/warehouse_interfaces_s__rosidl_typesupport_c.cpython-310-x86_64-linux-gnu.so" to ""
-- Installing: /home/mrinal/warehouse_ws/install/warehouse_interfaces/lib/libwarehouse_interfaces__rosidl_generator_py.so
-- Set runtime path of "/home/mrinal/warehouse_ws/install/warehouse_interfaces/lib/libwarehouse_interfaces__rosidl_generator_py.so" to ""
-- Installing: /home/mrinal/warehouse_ws/install/warehouse_interfaces/share/ament_index/resource_index/rust_packages/warehouse_interfaces
-- Installing: /home/mrinal/warehouse_ws/install/warehouse_interfaces/share/warehouse_interfaces/rust
-- Installing: /home/mrinal/warehouse_ws/install/warehouse_interfaces/share/warehouse_interfaces/rust/Cargo.toml
-- Installing: /home/mrinal/warehouse_ws/install/warehouse_interfaces/share/warehouse_interfaces/rust/build.rs
-- Installing: /home/mrinal/warehouse_ws/install/warehouse_interfaces/share/warehouse_interfaces/rust/src
-- Installing: /home/mrinal/warehouse_ws/install/warehouse_interfaces/share/warehouse_interfaces/rust/src/lib.rs
-- Installing: /home/mrinal/warehouse_ws/install/warehouse_interfaces/share/warehouse_interfaces/rust/src/srv.rs
-- Installing: /home/mrinal/warehouse_ws/install/warehouse_interfaces/share/warehouse_interfaces/rust/src/srv
-- Installing: /home/mrinal/warehouse_ws/install/warehouse_interfaces/share/warehouse_interfaces/rust/src/srv/rmw.rs
-- Installing: /home/mrinal/warehouse_ws/install/warehouse_interfaces/share/warehouse_interfaces/srv/AssignTask.idl
-- Installing: /home/mrinal/warehouse_ws/install/warehouse_interfaces/share/warehouse_interfaces/srv/AssignTask.srv
-- Installing: /home/mrinal/warehouse_ws/install/warehouse_interfaces/share/warehouse_interfaces/srv/AssignTask_Request.msg
-- Installing: /home/mrinal/warehouse_ws/install/warehouse_interfaces/share/warehouse_interfaces/srv/AssignTask_Response.msg
-- Installing: /home/mrinal/warehouse_ws/install/warehouse_interfaces/share/ament_index/resource_index/package_run_dependencies/warehouse_interfaces
-- Installing: /home/mrinal/warehouse_ws/install/warehouse_interfaces/share/ament_index/resource_index/parent_prefix_path/warehouse_interfaces
-- Installing: /home/mrinal/warehouse_ws/install/warehouse_interfaces/share/warehouse_interfaces/environment/ament_prefix_path.sh
-- Installing: /home/mrinal/warehouse_ws/install/warehouse_interfaces/share/warehouse_interfaces/environment/ament_prefix_path.dsv
-- Installing: /home/mrinal/warehouse_ws/install/warehouse_interfaces/share/warehouse_interfaces/environment/path.sh
-- Installing: /home/mrinal/warehouse_ws/install/warehouse_interfaces/share/warehouse_interfaces/environment/path.dsv
-- Installing: /home/mrinal/warehouse_ws/install/warehouse_interfaces/share/warehouse_interfaces/local_setup.bash
-- Installing: /home/mrinal/warehouse_ws/install/warehouse_interfaces/share/warehouse_interfaces/local_setup.sh
-- Installing: /home/mrinal/warehouse_ws/install/warehouse_interfaces/share/warehouse_interfaces/local_setup.zsh
-- Installing: /home/mrinal/warehouse_ws/install/warehouse_interfaces/share/warehouse_interfaces/local_setup.dsv
-- Installing: /home/mrinal/warehouse_ws/install/warehouse_interfaces/share/warehouse_interfaces/package.dsv
-- Installing: /home/mrinal/warehouse_ws/install/warehouse_interfaces/share/ament_index/resource_index/packages/warehouse_interfaces
-- Installing: /home/mrinal/warehouse_ws/install/warehouse_interfaces/share/warehouse_interfaces/cmake/export_warehouse_interfaces__rosidl_generator_cExport.cmake
-- Installing: /home/mrinal/warehouse_ws/install/warehouse_interfaces/share/warehouse_interfaces/cmake/export_warehouse_interfaces__rosidl_generator_cExport-noconfig.cmake
-- Installing: /home/mrinal/warehouse_ws/install/warehouse_interfaces/share/warehouse_interfaces/cmake/export_warehouse_interfaces__rosidl_typesupport_fastrtps_cExport.cmake
-- Installing: /home/mrinal/warehouse_ws/install/warehouse_interfaces/share/warehouse_interfaces/cmake/export_warehouse_interfaces__rosidl_typesupport_fastrtps_cExport-noconfig.cmake
-- Installing: /home/mrinal/warehouse_ws/install/warehouse_interfaces/share/warehouse_interfaces/cmake/warehouse_interfaces__rosidl_typesupport_introspection_cExport.cmake
-- Installing: /home/mrinal/warehouse_ws/install/warehouse_interfaces/share/warehouse_interfaces/cmake/warehouse_interfaces__rosidl_typesupport_introspection_cExport-noconfig.cmake
-- Installing: /home/mrinal/warehouse_ws/install/warehouse_interfaces/share/warehouse_interfaces/cmake/warehouse_interfaces__rosidl_typesupport_cExport.cmake
-- Installing: /home/mrinal/warehouse_ws/install/warehouse_interfaces/share/warehouse_interfaces/cmake/warehouse_interfaces__rosidl_typesupport_cExport-noconfig.cmake
-- Installing: /home/mrinal/warehouse_ws/install/warehouse_interfaces/share/warehouse_interfaces/cmake/export_warehouse_interfaces__rosidl_generator_cppExport.cmake
-- Installing: /home/mrinal/warehouse_ws/install/warehouse_interfaces/share/warehouse_interfaces/cmake/export_warehouse_interfaces__rosidl_typesupport_fastrtps_cppExport.cmake
-- Installing: /home/mrinal/warehouse_ws/install/warehouse_interfaces/share/warehouse_interfaces/cmake/export_warehouse_interfaces__rosidl_typesupport_fastrtps_cppExport-noconfig.cmake
-- Installing: /home/mrinal/warehouse_ws/install/warehouse_interfaces/share/warehouse_interfaces/cmake/warehouse_interfaces__rosidl_typesupport_introspection_cppExport.cmake
-- Installing: /home/mrinal/warehouse_ws/install/warehouse_interfaces/share/warehouse_interfaces/cmake/warehouse_interfaces__rosidl_typesupport_introspection_cppExport-noconfig.cmake
-- Installing: /home/mrinal/warehouse_ws/install/warehouse_interfaces/share/warehouse_interfaces/cmake/warehouse_interfaces__rosidl_typesupport_cppExport.cmake
-- Installing: /home/mrinal/warehouse_ws/install/warehouse_interfaces/share/warehouse_interfaces/cmake/warehouse_interfaces__rosidl_typesupport_cppExport-noconfig.cmake
-- Installing: /home/mrinal/warehouse_ws/install/warehouse_interfaces/share/warehouse_interfaces/cmake/export_warehouse_interfaces__rosidl_generator_pyExport.cmake
-- Installing: /home/mrinal/warehouse_ws/install/warehouse_interfaces/share/warehouse_interfaces/cmake/export_warehouse_interfaces__rosidl_generator_pyExport-noconfig.cmake
-- Installing: /home/mrinal/warehouse_ws/install/warehouse_interfaces/share/warehouse_interfaces/cmake/rosidl_cmake-extras.cmake
-- Installing: /home/mrinal/warehouse_ws/install/warehouse_interfaces/share/warehouse_interfaces/cmake/ament_cmake_export_include_directories-extras.cmake
-- Installing: /home/mrinal/warehouse_ws/install/warehouse_interfaces/share/warehouse_interfaces/cmake/ament_cmake_export_libraries-extras.cmake
-- Installing: /home/mrinal/warehouse_ws/install/warehouse_interfaces/share/warehouse_interfaces/cmake/ament_cmake_export_targets-extras.cmake
-- Installing: /home/mrinal/warehouse_ws/install/warehouse_interfaces/share/warehouse_interfaces/cmake/rosidl_cmake_export_typesupport_targets-extras.cmake
-- Installing: /home/mrinal/warehouse_ws/install/warehouse_interfaces/share/warehouse_interfaces/cmake/ament_cmake_export_dependencies-extras.cmake
-- Installing: /home/mrinal/warehouse_ws/install/warehouse_interfaces/share/warehouse_interfaces/cmake/rosidl_cmake_export_typesupport_libraries-extras.cmake
-- Installing: /home/mrinal/warehouse_ws/install/warehouse_interfaces/share/warehouse_interfaces/cmake/warehouse_interfacesConfig.cmake
-- Installing: /home/mrinal/warehouse_ws/install/warehouse_interfaces/share/warehouse_interfaces/cmake/warehouse_interfacesConfig-version.cmake
-- Installing: /home/mrinal/warehouse_ws/install/warehouse_interfaces/share/warehouse_interfaces/package.xml
