[0.008s] Invoking command in '/home/mrinal/warehouse_ws/build/warehouse_interfaces': /usr/bin/cmake /home/mrinal/warehouse_ws/src/warehouse_interfaces -DCATKIN_INSTALL_INTO_PREFIX_ROOT=0 -DCMAKE_INSTALL_PREFIX=/home/mrinal/warehouse_ws/install/warehouse_interfaces
[0.241s] -- The C compiler identification is GNU 11.4.0
[0.765s] -- The CXX compiler identification is GNU 11.4.0
[1.081s] -- Detecting C compiler ABI info
[1.213s] -- Detecting C compiler ABI info - done
[1.219s] -- Check for working C compiler: /usr/bin/cc - skipped
[1.219s] -- Detecting C compile features
[1.220s] -- Detecting C compile features - done
[1.226s] -- Detecting CXX compiler ABI info
[1.367s] -- Detecting CXX compiler ABI info - done
[1.373s] -- Check for working CXX compiler: /usr/bin/c++ - skipped
[1.374s] -- Detecting CXX compile features
[1.374s] -- Detecting CXX compile features - done
[1.386s] -- Found ament_cmake: 1.3.14 (/opt/ros/humble/share/ament_cmake/cmake)
[1.521s] -- Found Python3: /usr/bin/python3 (found version "3.10.12") found components: Interpreter 
[1.625s] -- Found rosidl_default_generators: 1.2.1 (/opt/ros/humble/share/rosidl_default_generators/cmake)
[1.630s] -- Using all available rosidl_typesupport_c: rosidl_typesupport_fastrtps_c;rosidl_typesupport_introspection_c
[1.640s] -- Found rosidl_adapter: 3.1.8 (/opt/ros/humble/share/rosidl_adapter/cmake)
[1.834s] -- Using all available rosidl_typesupport_cpp: rosidl_typesupport_fastrtps_cpp;rosidl_typesupport_introspection_cpp
[2.103s] -- Found ament_cmake_ros: 0.10.0 (/opt/ros/humble/share/ament_cmake_ros/cmake)
[2.271s] -- Using all available rosidl_typesupport_c: rosidl_typesupport_fastrtps_c;rosidl_typesupport_introspection_c
[2.478s] -- Using all available rosidl_typesupport_cpp: rosidl_typesupport_fastrtps_cpp;rosidl_typesupport_introspection_cpp
[2.601s] -- Found PythonInterp: /usr/bin/python3 (found suitable version "3.10.12", minimum required is "3.6") 
[2.604s] -- Found python_cmake_module: 0.10.0 (/opt/ros/humble/share/python_cmake_module/cmake)
[3.355s] -- Found PythonLibs: /usr/lib/x86_64-linux-gnu/libpython3.10.so (found suitable version "3.10.12", minimum required is "3.5") 
[3.355s] -- Using PYTHON_EXECUTABLE: /usr/bin/python3
[3.355s] -- Using PYTHON_INCLUDE_DIRS: /usr/include/python3.10
[3.355s] -- Using PYTHON_LIBRARIES: /usr/lib/x86_64-linux-gnu/libpython3.10.so
[3.374s] -- Found PythonExtra: .so  
[3.504s] -- Configuring done
[3.543s] -- Generating done
[3.545s] [33mCMake Warning:
[3.546s]   Manually-specified variables were not used by the project:
[3.546s] 
[3.546s]     CATKIN_INSTALL_INTO_PREFIX_ROOT
[3.546s] 
[3.546s] [0m
[3.554s] -- Build files have been written to: /home/mrinal/warehouse_ws/build/warehouse_interfaces
[3.561s] Invoked command in '/home/mrinal/warehouse_ws/build/warehouse_interfaces' returned '0': /usr/bin/cmake /home/mrinal/warehouse_ws/src/warehouse_interfaces -DCATKIN_INSTALL_INTO_PREFIX_ROOT=0 -DCMAKE_INSTALL_PREFIX=/home/mrinal/warehouse_ws/install/warehouse_interfaces
[3.563s] Invoking command in '/home/mrinal/warehouse_ws/build/warehouse_interfaces': /usr/bin/cmake --build /home/mrinal/warehouse_ws/build/warehouse_interfaces -- -j24 -l24
[3.595s] [  3%] [34m[1mGenerating C code for ROS interfaces[0m
[3.602s] [  6%] [34m[1mGenerating Rust code for ROS interfaces[0m
[3.602s] [  9%] [34m[1mGenerating C++ code for ROS interfaces[0m
[3.609s] [  9%] Built target ament_cmake_python_copy_warehouse_interfaces
[3.798s] running egg_info
[3.799s] creating warehouse_interfaces.egg-info
[3.799s] writing warehouse_interfaces.egg-info/PKG-INFO
[3.800s] writing dependency_links to warehouse_interfaces.egg-info/dependency_links.txt
[3.800s] writing top-level names to warehouse_interfaces.egg-info/top_level.txt
[3.800s] writing manifest file 'warehouse_interfaces.egg-info/SOURCES.txt'
[3.802s] reading manifest file 'warehouse_interfaces.egg-info/SOURCES.txt'
[3.802s] writing manifest file 'warehouse_interfaces.egg-info/SOURCES.txt'
[3.809s] [  9%] Built target warehouse_interfaces__rs
[3.823s] [  9%] Built target ament_cmake_python_build_warehouse_interfaces_egg
[3.838s] [  9%] Built target warehouse_interfaces__cpp
[3.844s] [ 12%] [32mBuilding C object CMakeFiles/warehouse_interfaces__rosidl_generator_c.dir/rosidl_generator_c/warehouse_interfaces/srv/detail/assign_task__functions.c.o[0m
[3.845s] [ 18%] [34m[1mGenerating C++ type support dispatch for ROS interfaces[0m
[3.845s] [ 18%] [34m[1mGenerating C++ introspection for ROS interfaces[0m
[3.845s] [ 21%] [34m[1mGenerating C++ type support for eProsima Fast-RTPS[0m
[3.923s] [ 25%] [32m[1mLinking C shared library libwarehouse_interfaces__rosidl_generator_c.so[0m
[4.038s] [ 28%] [32mBuilding CXX object CMakeFiles/warehouse_interfaces__rosidl_typesupport_cpp.dir/rosidl_typesupport_cpp/warehouse_interfaces/srv/assign_task__type_support.cpp.o[0m
[4.045s] [ 28%] Built target warehouse_interfaces__rosidl_generator_c
[4.053s] [ 34%] [34m[1mGenerating C type support for eProsima Fast-RTPS[0m
[4.053s] [ 37%] [34m[1mGenerating C type support dispatch for ROS interfaces[0m
[4.053s] [ 37%] [32mBuilding CXX object CMakeFiles/warehouse_interfaces__rosidl_typesupport_introspection_cpp.dir/rosidl_typesupport_introspection_cpp/warehouse_interfaces/srv/detail/assign_task__type_support.cpp.o[0m
[4.053s] [ 40%] [34m[1mGenerating C introspection for ROS interfaces[0m
[4.066s] [ 43%] [32mBuilding CXX object CMakeFiles/warehouse_interfaces__rosidl_typesupport_fastrtps_cpp.dir/rosidl_typesupport_fastrtps_cpp/warehouse_interfaces/srv/detail/dds_fastrtps/assign_task__type_support.cpp.o[0m
[4.252s] [ 46%] [32mBuilding CXX object CMakeFiles/warehouse_interfaces__rosidl_typesupport_c.dir/rosidl_typesupport_c/warehouse_interfaces/srv/assign_task__type_support.cpp.o[0m
[4.277s] [ 50%] [32mBuilding C object CMakeFiles/warehouse_interfaces__rosidl_typesupport_introspection_c.dir/rosidl_typesupport_introspection_c/warehouse_interfaces/srv/detail/assign_task__type_support.c.o[0m
[4.279s] [ 53%] [32m[1mLinking CXX shared library libwarehouse_interfaces__rosidl_typesupport_c.so[0m
[4.282s] [ 56%] [32mBuilding CXX object CMakeFiles/warehouse_interfaces__rosidl_typesupport_fastrtps_c.dir/rosidl_typesupport_fastrtps_c/warehouse_interfaces/srv/detail/assign_task__type_support_c.cpp.o[0m
[4.287s] [ 59%] [32m[1mLinking CXX shared library libwarehouse_interfaces__rosidl_typesupport_cpp.so[0m
[4.307s] [ 62%] [32m[1mLinking C shared library libwarehouse_interfaces__rosidl_typesupport_introspection_c.so[0m
[4.392s] [ 65%] [32m[1mLinking CXX shared library libwarehouse_interfaces__rosidl_typesupport_introspection_cpp.so[0m
[4.415s] [ 68%] [32m[1mLinking CXX shared library libwarehouse_interfaces__rosidl_typesupport_fastrtps_cpp.so[0m
[4.470s] [ 68%] Built target warehouse_interfaces__rosidl_typesupport_cpp
[4.470s] [ 68%] Built target warehouse_interfaces__rosidl_typesupport_c
[4.547s] [ 71%] [32m[1mLinking CXX shared library libwarehouse_interfaces__rosidl_typesupport_fastrtps_c.so[0m
[4.568s] [ 71%] Built target warehouse_interfaces__rosidl_typesupport_introspection_c
[4.635s] [ 71%] Built target warehouse_interfaces__rosidl_typesupport_introspection_cpp
[4.647s] [ 71%] Built target warehouse_interfaces__rosidl_typesupport_fastrtps_cpp
[4.891s] [ 71%] Built target warehouse_interfaces__rosidl_typesupport_fastrtps_c
[4.907s] [ 71%] Built target warehouse_interfaces
[4.923s] [ 75%] [34m[1mGenerating Python code for ROS interfaces[0m
[5.260s] [ 75%] Built target warehouse_interfaces__py
[5.276s] [ 78%] [32mBuilding C object CMakeFiles/warehouse_interfaces__rosidl_generator_py.dir/rosidl_generator_py/warehouse_interfaces/srv/_assign_task_s.c.o[0m
[5.403s] [ 81%] [32m[1mLinking C shared library rosidl_generator_py/warehouse_interfaces/libwarehouse_interfaces__rosidl_generator_py.so[0m
[5.509s] [ 81%] Built target warehouse_interfaces__rosidl_generator_py
[5.526s] [ 84%] [32mBuilding C object CMakeFiles/warehouse_interfaces__rosidl_typesupport_fastrtps_c__pyext.dir/rosidl_generator_py/warehouse_interfaces/_warehouse_interfaces_s.ep.rosidl_typesupport_fastrtps_c.c.o[0m
[5.526s] [ 87%] [32mBuilding C object CMakeFiles/warehouse_interfaces__rosidl_typesupport_c__pyext.dir/rosidl_generator_py/warehouse_interfaces/_warehouse_interfaces_s.ep.rosidl_typesupport_c.c.o[0m
[5.526s] [ 90%] [32mBuilding C object CMakeFiles/warehouse_interfaces__rosidl_typesupport_introspection_c__pyext.dir/rosidl_generator_py/warehouse_interfaces/_warehouse_interfaces_s.ep.rosidl_typesupport_introspection_c.c.o[0m
[5.603s] [ 93%] [32m[1mLinking C shared library rosidl_generator_py/warehouse_interfaces/warehouse_interfaces_s__rosidl_typesupport_c.cpython-310-x86_64-linux-gnu.so[0m
[5.604s] [ 96%] [32m[1mLinking C shared library rosidl_generator_py/warehouse_interfaces/warehouse_interfaces_s__rosidl_typesupport_fastrtps_c.cpython-310-x86_64-linux-gnu.so[0m
[5.605s] [100%] [32m[1mLinking C shared library rosidl_generator_py/warehouse_interfaces/warehouse_interfaces_s__rosidl_typesupport_introspection_c.cpython-310-x86_64-linux-gnu.so[0m
[5.698s] [100%] Built target warehouse_interfaces__rosidl_typesupport_introspection_c__pyext
[5.698s] [100%] Built target warehouse_interfaces__rosidl_typesupport_fastrtps_c__pyext
[5.718s] [100%] Built target warehouse_interfaces__rosidl_typesupport_c__pyext
[5.728s] Invoked command in '/home/mrinal/warehouse_ws/build/warehouse_interfaces' returned '0': /usr/bin/cmake --build /home/mrinal/warehouse_ws/build/warehouse_interfaces -- -j24 -l24
[5.738s] Invoking command in '/home/mrinal/warehouse_ws/build/warehouse_interfaces': /usr/bin/cmake --install /home/mrinal/warehouse_ws/build/warehouse_interfaces
[5.745s] -- Install configuration: ""
[5.746s] -- Installing: /home/mrinal/warehouse_ws/install/warehouse_interfaces/share/ament_index/resource_index/rosidl_interfaces/warehouse_interfaces
[5.746s] -- Installing: /home/mrinal/warehouse_ws/install/warehouse_interfaces/include/warehouse_interfaces/warehouse_interfaces
[5.746s] -- Installing: /home/mrinal/warehouse_ws/install/warehouse_interfaces/include/warehouse_interfaces/warehouse_interfaces/msg
[5.747s] -- Installing: /home/mrinal/warehouse_ws/install/warehouse_interfaces/include/warehouse_interfaces/warehouse_interfaces/msg/rosidl_generator_c__visibility_control.h
[5.747s] -- Installing: /home/mrinal/warehouse_ws/install/warehouse_interfaces/include/warehouse_interfaces/warehouse_interfaces/srv
[5.747s] -- Installing: /home/mrinal/warehouse_ws/install/warehouse_interfaces/include/warehouse_interfaces/warehouse_interfaces/srv/assign_task.h
[5.747s] -- Installing: /home/mrinal/warehouse_ws/install/warehouse_interfaces/include/warehouse_interfaces/warehouse_interfaces/srv/detail
[5.747s] -- Installing: /home/mrinal/warehouse_ws/install/warehouse_interfaces/include/warehouse_interfaces/warehouse_interfaces/srv/detail/assign_task__type_support.h
[5.747s] -- Installing: /home/mrinal/warehouse_ws/install/warehouse_interfaces/include/warehouse_interfaces/warehouse_interfaces/srv/detail/assign_task__functions.h
[5.747s] -- Installing: /home/mrinal/warehouse_ws/install/warehouse_interfaces/include/warehouse_interfaces/warehouse_interfaces/srv/detail/assign_task__functions.c
[5.747s] -- Installing: /home/mrinal/warehouse_ws/install/warehouse_interfaces/include/warehouse_interfaces/warehouse_interfaces/srv/detail/assign_task__struct.h
[5.748s] -- Installing: /home/mrinal/warehouse_ws/install/warehouse_interfaces/share/warehouse_interfaces/environment/library_path.sh
[5.748s] -- Installing: /home/mrinal/warehouse_ws/install/warehouse_interfaces/share/warehouse_interfaces/environment/library_path.dsv
[5.748s] -- Installing: /home/mrinal/warehouse_ws/install/warehouse_interfaces/lib/libwarehouse_interfaces__rosidl_generator_c.so
[5.749s] -- Set runtime path of "/home/mrinal/warehouse_ws/install/warehouse_interfaces/lib/libwarehouse_interfaces__rosidl_generator_c.so" to ""
[5.749s] -- Up-to-date: /home/mrinal/warehouse_ws/install/warehouse_interfaces/include/warehouse_interfaces/warehouse_interfaces
[5.749s] -- Up-to-date: /home/mrinal/warehouse_ws/install/warehouse_interfaces/include/warehouse_interfaces/warehouse_interfaces/msg
[5.749s] -- Installing: /home/mrinal/warehouse_ws/install/warehouse_interfaces/include/warehouse_interfaces/warehouse_interfaces/msg/rosidl_typesupport_fastrtps_c__visibility_control.h
[5.749s] -- Up-to-date: /home/mrinal/warehouse_ws/install/warehouse_interfaces/include/warehouse_interfaces/warehouse_interfaces/srv
[5.750s] -- Up-to-date: /home/mrinal/warehouse_ws/install/warehouse_interfaces/include/warehouse_interfaces/warehouse_interfaces/srv/detail
[5.750s] -- Installing: /home/mrinal/warehouse_ws/install/warehouse_interfaces/include/warehouse_interfaces/warehouse_interfaces/srv/detail/assign_task__rosidl_typesupport_fastrtps_c.h
[5.750s] -- Installing: /home/mrinal/warehouse_ws/install/warehouse_interfaces/lib/libwarehouse_interfaces__rosidl_typesupport_fastrtps_c.so
[5.750s] -- Set runtime path of "/home/mrinal/warehouse_ws/install/warehouse_interfaces/lib/libwarehouse_interfaces__rosidl_typesupport_fastrtps_c.so" to ""
[5.750s] -- Up-to-date: /home/mrinal/warehouse_ws/install/warehouse_interfaces/include/warehouse_interfaces/warehouse_interfaces
[5.750s] -- Up-to-date: /home/mrinal/warehouse_ws/install/warehouse_interfaces/include/warehouse_interfaces/warehouse_interfaces/msg
[5.750s] -- Installing: /home/mrinal/warehouse_ws/install/warehouse_interfaces/include/warehouse_interfaces/warehouse_interfaces/msg/rosidl_typesupport_introspection_c__visibility_control.h
[5.751s] -- Up-to-date: /home/mrinal/warehouse_ws/install/warehouse_interfaces/include/warehouse_interfaces/warehouse_interfaces/srv
[5.751s] -- Up-to-date: /home/mrinal/warehouse_ws/install/warehouse_interfaces/include/warehouse_interfaces/warehouse_interfaces/srv/detail
[5.751s] -- Installing: /home/mrinal/warehouse_ws/install/warehouse_interfaces/include/warehouse_interfaces/warehouse_interfaces/srv/detail/assign_task__type_support.c
[5.751s] -- Installing: /home/mrinal/warehouse_ws/install/warehouse_interfaces/include/warehouse_interfaces/warehouse_interfaces/srv/detail/assign_task__rosidl_typesupport_introspection_c.h
[5.751s] -- Installing: /home/mrinal/warehouse_ws/install/warehouse_interfaces/lib/libwarehouse_interfaces__rosidl_typesupport_introspection_c.so
[5.751s] -- Set runtime path of "/home/mrinal/warehouse_ws/install/warehouse_interfaces/lib/libwarehouse_interfaces__rosidl_typesupport_introspection_c.so" to ""
[5.751s] -- Installing: /home/mrinal/warehouse_ws/install/warehouse_interfaces/lib/libwarehouse_interfaces__rosidl_typesupport_c.so
[5.751s] -- Set runtime path of "/home/mrinal/warehouse_ws/install/warehouse_interfaces/lib/libwarehouse_interfaces__rosidl_typesupport_c.so" to ""
[5.751s] -- Up-to-date: /home/mrinal/warehouse_ws/install/warehouse_interfaces/include/warehouse_interfaces/warehouse_interfaces
[5.752s] -- Up-to-date: /home/mrinal/warehouse_ws/install/warehouse_interfaces/include/warehouse_interfaces/warehouse_interfaces/msg
[5.752s] -- Installing: /home/mrinal/warehouse_ws/install/warehouse_interfaces/include/warehouse_interfaces/warehouse_interfaces/msg/rosidl_generator_cpp__visibility_control.hpp
[5.752s] -- Up-to-date: /home/mrinal/warehouse_ws/install/warehouse_interfaces/include/warehouse_interfaces/warehouse_interfaces/srv
[5.752s] -- Installing: /home/mrinal/warehouse_ws/install/warehouse_interfaces/include/warehouse_interfaces/warehouse_interfaces/srv/assign_task.hpp
[5.752s] -- Up-to-date: /home/mrinal/warehouse_ws/install/warehouse_interfaces/include/warehouse_interfaces/warehouse_interfaces/srv/detail
[5.752s] -- Installing: /home/mrinal/warehouse_ws/install/warehouse_interfaces/include/warehouse_interfaces/warehouse_interfaces/srv/detail/assign_task__type_support.hpp
[5.752s] -- Installing: /home/mrinal/warehouse_ws/install/warehouse_interfaces/include/warehouse_interfaces/warehouse_interfaces/srv/detail/assign_task__traits.hpp
[5.753s] -- Installing: /home/mrinal/warehouse_ws/install/warehouse_interfaces/include/warehouse_interfaces/warehouse_interfaces/srv/detail/assign_task__struct.hpp
[5.753s] -- Installing: /home/mrinal/warehouse_ws/install/warehouse_interfaces/include/warehouse_interfaces/warehouse_interfaces/srv/detail/assign_task__builder.hpp
[5.753s] -- Up-to-date: /home/mrinal/warehouse_ws/install/warehouse_interfaces/include/warehouse_interfaces/warehouse_interfaces
[5.753s] -- Up-to-date: /home/mrinal/warehouse_ws/install/warehouse_interfaces/include/warehouse_interfaces/warehouse_interfaces/msg
[5.753s] -- Installing: /home/mrinal/warehouse_ws/install/warehouse_interfaces/include/warehouse_interfaces/warehouse_interfaces/msg/rosidl_typesupport_fastrtps_cpp__visibility_control.h
[5.753s] -- Up-to-date: /home/mrinal/warehouse_ws/install/warehouse_interfaces/include/warehouse_interfaces/warehouse_interfaces/srv
[5.754s] -- Up-to-date: /home/mrinal/warehouse_ws/install/warehouse_interfaces/include/warehouse_interfaces/warehouse_interfaces/srv/detail
[5.754s] -- Installing: /home/mrinal/warehouse_ws/install/warehouse_interfaces/include/warehouse_interfaces/warehouse_interfaces/srv/detail/assign_task__rosidl_typesupport_fastrtps_cpp.hpp
[5.754s] -- Installing: /home/mrinal/warehouse_ws/install/warehouse_interfaces/include/warehouse_interfaces/warehouse_interfaces/srv/detail/dds_fastrtps
[5.754s] -- Installing: /home/mrinal/warehouse_ws/install/warehouse_interfaces/lib/libwarehouse_interfaces__rosidl_typesupport_fastrtps_cpp.so
[5.754s] -- Set runtime path of "/home/mrinal/warehouse_ws/install/warehouse_interfaces/lib/libwarehouse_interfaces__rosidl_typesupport_fastrtps_cpp.so" to ""
[5.754s] -- Up-to-date: /home/mrinal/warehouse_ws/install/warehouse_interfaces/include/warehouse_interfaces/warehouse_interfaces
[5.754s] -- Up-to-date: /home/mrinal/warehouse_ws/install/warehouse_interfaces/include/warehouse_interfaces/warehouse_interfaces/srv
[5.754s] -- Up-to-date: /home/mrinal/warehouse_ws/install/warehouse_interfaces/include/warehouse_interfaces/warehouse_interfaces/srv/detail
[5.754s] -- Installing: /home/mrinal/warehouse_ws/install/warehouse_interfaces/include/warehouse_interfaces/warehouse_interfaces/srv/detail/assign_task__type_support.cpp
[5.754s] -- Installing: /home/mrinal/warehouse_ws/install/warehouse_interfaces/include/warehouse_interfaces/warehouse_interfaces/srv/detail/assign_task__rosidl_typesupport_introspection_cpp.hpp
[5.755s] -- Installing: /home/mrinal/warehouse_ws/install/warehouse_interfaces/lib/libwarehouse_interfaces__rosidl_typesupport_introspection_cpp.so
[5.755s] -- Set runtime path of "/home/mrinal/warehouse_ws/install/warehouse_interfaces/lib/libwarehouse_interfaces__rosidl_typesupport_introspection_cpp.so" to ""
[5.755s] -- Installing: /home/mrinal/warehouse_ws/install/warehouse_interfaces/lib/libwarehouse_interfaces__rosidl_typesupport_cpp.so
[5.755s] -- Set runtime path of "/home/mrinal/warehouse_ws/install/warehouse_interfaces/lib/libwarehouse_interfaces__rosidl_typesupport_cpp.so" to ""
[5.755s] -- Installing: /home/mrinal/warehouse_ws/install/warehouse_interfaces/share/warehouse_interfaces/environment/pythonpath.sh
[5.755s] -- Installing: /home/mrinal/warehouse_ws/install/warehouse_interfaces/share/warehouse_interfaces/environment/pythonpath.dsv
[5.755s] -- Installing: /home/mrinal/warehouse_ws/install/warehouse_interfaces/local/lib/python3.10/dist-packages/warehouse_interfaces-0.0.0-py3.10.egg-info
[5.755s] -- Installing: /home/mrinal/warehouse_ws/install/warehouse_interfaces/local/lib/python3.10/dist-packages/warehouse_interfaces-0.0.0-py3.10.egg-info/top_level.txt
[5.756s] -- Installing: /home/mrinal/warehouse_ws/install/warehouse_interfaces/local/lib/python3.10/dist-packages/warehouse_interfaces-0.0.0-py3.10.egg-info/PKG-INFO
[5.756s] -- Installing: /home/mrinal/warehouse_ws/install/warehouse_interfaces/local/lib/python3.10/dist-packages/warehouse_interfaces-0.0.0-py3.10.egg-info/SOURCES.txt
[5.756s] -- Installing: /home/mrinal/warehouse_ws/install/warehouse_interfaces/local/lib/python3.10/dist-packages/warehouse_interfaces-0.0.0-py3.10.egg-info/dependency_links.txt
[5.756s] -- Installing: /home/mrinal/warehouse_ws/install/warehouse_interfaces/local/lib/python3.10/dist-packages/warehouse_interfaces
[5.756s] -- Installing: /home/mrinal/warehouse_ws/install/warehouse_interfaces/local/lib/python3.10/dist-packages/warehouse_interfaces/libwarehouse_interfaces__rosidl_generator_py.so
[5.756s] -- Installing: /home/mrinal/warehouse_ws/install/warehouse_interfaces/local/lib/python3.10/dist-packages/warehouse_interfaces/warehouse_interfaces_s__rosidl_typesupport_fastrtps_c.cpython-310-x86_64-linux-gnu.so
[5.757s] -- Installing: /home/mrinal/warehouse_ws/install/warehouse_interfaces/local/lib/python3.10/dist-packages/warehouse_interfaces/__init__.py
[5.757s] -- Installing: /home/mrinal/warehouse_ws/install/warehouse_interfaces/local/lib/python3.10/dist-packages/warehouse_interfaces/_warehouse_interfaces_s.ep.rosidl_typesupport_fastrtps_c.c
[5.757s] -- Installing: /home/mrinal/warehouse_ws/install/warehouse_interfaces/local/lib/python3.10/dist-packages/warehouse_interfaces/warehouse_interfaces_s__rosidl_typesupport_introspection_c.cpython-310-x86_64-linux-gnu.so
[5.757s] -- Installing: /home/mrinal/warehouse_ws/install/warehouse_interfaces/local/lib/python3.10/dist-packages/warehouse_interfaces/srv
[5.757s] -- Installing: /home/mrinal/warehouse_ws/install/warehouse_interfaces/local/lib/python3.10/dist-packages/warehouse_interfaces/srv/_assign_task.py
[5.757s] -- Installing: /home/mrinal/warehouse_ws/install/warehouse_interfaces/local/lib/python3.10/dist-packages/warehouse_interfaces/srv/__init__.py
[5.758s] -- Installing: /home/mrinal/warehouse_ws/install/warehouse_interfaces/local/lib/python3.10/dist-packages/warehouse_interfaces/srv/_assign_task_s.c
[5.758s] -- Installing: /home/mrinal/warehouse_ws/install/warehouse_interfaces/local/lib/python3.10/dist-packages/warehouse_interfaces/warehouse_interfaces_s__rosidl_typesupport_c.cpython-310-x86_64-linux-gnu.so
[5.758s] -- Installing: /home/mrinal/warehouse_ws/install/warehouse_interfaces/local/lib/python3.10/dist-packages/warehouse_interfaces/_warehouse_interfaces_s.ep.rosidl_typesupport_c.c
[5.758s] -- Installing: /home/mrinal/warehouse_ws/install/warehouse_interfaces/local/lib/python3.10/dist-packages/warehouse_interfaces/_warehouse_interfaces_s.ep.rosidl_typesupport_introspection_c.c
[5.789s] Listing '/home/mrinal/warehouse_ws/install/warehouse_interfaces/local/lib/python3.10/dist-packages/warehouse_interfaces'...
[5.789s] Compiling '/home/mrinal/warehouse_ws/install/warehouse_interfaces/local/lib/python3.10/dist-packages/warehouse_interfaces/__init__.py'...
[5.789s] Listing '/home/mrinal/warehouse_ws/install/warehouse_interfaces/local/lib/python3.10/dist-packages/warehouse_interfaces/srv'...
[5.789s] Compiling '/home/mrinal/warehouse_ws/install/warehouse_interfaces/local/lib/python3.10/dist-packages/warehouse_interfaces/srv/__init__.py'...
[5.790s] Compiling '/home/mrinal/warehouse_ws/install/warehouse_interfaces/local/lib/python3.10/dist-packages/warehouse_interfaces/srv/_assign_task.py'...
[5.793s] -- Installing: /home/mrinal/warehouse_ws/install/warehouse_interfaces/local/lib/python3.10/dist-packages/warehouse_interfaces/warehouse_interfaces_s__rosidl_typesupport_fastrtps_c.cpython-310-x86_64-linux-gnu.so
[5.794s] -- Set runtime path of "/home/mrinal/warehouse_ws/install/warehouse_interfaces/local/lib/python3.10/dist-packages/warehouse_interfaces/warehouse_interfaces_s__rosidl_typesupport_fastrtps_c.cpython-310-x86_64-linux-gnu.so" to ""
[5.794s] -- Installing: /home/mrinal/warehouse_ws/install/warehouse_interfaces/local/lib/python3.10/dist-packages/warehouse_interfaces/warehouse_interfaces_s__rosidl_typesupport_introspection_c.cpython-310-x86_64-linux-gnu.so
[5.794s] -- Set runtime path of "/home/mrinal/warehouse_ws/install/warehouse_interfaces/local/lib/python3.10/dist-packages/warehouse_interfaces/warehouse_interfaces_s__rosidl_typesupport_introspection_c.cpython-310-x86_64-linux-gnu.so" to ""
[5.794s] -- Installing: /home/mrinal/warehouse_ws/install/warehouse_interfaces/local/lib/python3.10/dist-packages/warehouse_interfaces/warehouse_interfaces_s__rosidl_typesupport_c.cpython-310-x86_64-linux-gnu.so
[5.794s] -- Set runtime path of "/home/mrinal/warehouse_ws/install/warehouse_interfaces/local/lib/python3.10/dist-packages/warehouse_interfaces/warehouse_interfaces_s__rosidl_typesupport_c.cpython-310-x86_64-linux-gnu.so" to ""
[5.795s] -- Installing: /home/mrinal/warehouse_ws/install/warehouse_interfaces/lib/libwarehouse_interfaces__rosidl_generator_py.so
[5.795s] -- Set runtime path of "/home/mrinal/warehouse_ws/install/warehouse_interfaces/lib/libwarehouse_interfaces__rosidl_generator_py.so" to ""
[5.795s] -- Installing: /home/mrinal/warehouse_ws/install/warehouse_interfaces/share/ament_index/resource_index/rust_packages/warehouse_interfaces
[5.795s] -- Installing: /home/mrinal/warehouse_ws/install/warehouse_interfaces/share/warehouse_interfaces/rust
[5.795s] -- Installing: /home/mrinal/warehouse_ws/install/warehouse_interfaces/share/warehouse_interfaces/rust/Cargo.toml
[5.796s] -- Installing: /home/mrinal/warehouse_ws/install/warehouse_interfaces/share/warehouse_interfaces/rust/build.rs
[5.796s] -- Installing: /home/mrinal/warehouse_ws/install/warehouse_interfaces/share/warehouse_interfaces/rust/src
[5.796s] -- Installing: /home/mrinal/warehouse_ws/install/warehouse_interfaces/share/warehouse_interfaces/rust/src/lib.rs
[5.796s] -- Installing: /home/mrinal/warehouse_ws/install/warehouse_interfaces/share/warehouse_interfaces/rust/src/srv.rs
[5.796s] -- Installing: /home/mrinal/warehouse_ws/install/warehouse_interfaces/share/warehouse_interfaces/rust/src/srv
[5.796s] -- Installing: /home/mrinal/warehouse_ws/install/warehouse_interfaces/share/warehouse_interfaces/rust/src/srv/rmw.rs
[5.796s] -- Installing: /home/mrinal/warehouse_ws/install/warehouse_interfaces/share/warehouse_interfaces/srv/AssignTask.idl
[5.796s] -- Installing: /home/mrinal/warehouse_ws/install/warehouse_interfaces/share/warehouse_interfaces/srv/AssignTask.srv
[5.796s] -- Installing: /home/mrinal/warehouse_ws/install/warehouse_interfaces/share/warehouse_interfaces/srv/AssignTask_Request.msg
[5.797s] -- Installing: /home/mrinal/warehouse_ws/install/warehouse_interfaces/share/warehouse_interfaces/srv/AssignTask_Response.msg
[5.797s] -- Installing: /home/mrinal/warehouse_ws/install/warehouse_interfaces/share/ament_index/resource_index/package_run_dependencies/warehouse_interfaces
[5.797s] -- Installing: /home/mrinal/warehouse_ws/install/warehouse_interfaces/share/ament_index/resource_index/parent_prefix_path/warehouse_interfaces
[5.797s] -- Installing: /home/mrinal/warehouse_ws/install/warehouse_interfaces/share/warehouse_interfaces/environment/ament_prefix_path.sh
[5.798s] -- Installing: /home/mrinal/warehouse_ws/install/warehouse_interfaces/share/warehouse_interfaces/environment/ament_prefix_path.dsv
[5.798s] -- Installing: /home/mrinal/warehouse_ws/install/warehouse_interfaces/share/warehouse_interfaces/environment/path.sh
[5.798s] -- Installing: /home/mrinal/warehouse_ws/install/warehouse_interfaces/share/warehouse_interfaces/environment/path.dsv
[5.798s] -- Installing: /home/mrinal/warehouse_ws/install/warehouse_interfaces/share/warehouse_interfaces/local_setup.bash
[5.798s] -- Installing: /home/mrinal/warehouse_ws/install/warehouse_interfaces/share/warehouse_interfaces/local_setup.sh
[5.798s] -- Installing: /home/mrinal/warehouse_ws/install/warehouse_interfaces/share/warehouse_interfaces/local_setup.zsh
[5.798s] -- Installing: /home/mrinal/warehouse_ws/install/warehouse_interfaces/share/warehouse_interfaces/local_setup.dsv
[5.798s] -- Installing: /home/mrinal/warehouse_ws/install/warehouse_interfaces/share/warehouse_interfaces/package.dsv
[5.798s] -- Installing: /home/mrinal/warehouse_ws/install/warehouse_interfaces/share/ament_index/resource_index/packages/warehouse_interfaces
[5.799s] -- Installing: /home/mrinal/warehouse_ws/install/warehouse_interfaces/share/warehouse_interfaces/cmake/export_warehouse_interfaces__rosidl_generator_cExport.cmake
[5.799s] -- Installing: /home/mrinal/warehouse_ws/install/warehouse_interfaces/share/warehouse_interfaces/cmake/export_warehouse_interfaces__rosidl_generator_cExport-noconfig.cmake
[5.799s] -- Installing: /home/mrinal/warehouse_ws/install/warehouse_interfaces/share/warehouse_interfaces/cmake/export_warehouse_interfaces__rosidl_typesupport_fastrtps_cExport.cmake
[5.799s] -- Installing: /home/mrinal/warehouse_ws/install/warehouse_interfaces/share/warehouse_interfaces/cmake/export_warehouse_interfaces__rosidl_typesupport_fastrtps_cExport-noconfig.cmake
[5.799s] -- Installing: /home/mrinal/warehouse_ws/install/warehouse_interfaces/share/warehouse_interfaces/cmake/warehouse_interfaces__rosidl_typesupport_introspection_cExport.cmake
[5.800s] -- Installing: /home/mrinal/warehouse_ws/install/warehouse_interfaces/share/warehouse_interfaces/cmake/warehouse_interfaces__rosidl_typesupport_introspection_cExport-noconfig.cmake
[5.800s] -- Installing: /home/mrinal/warehouse_ws/install/warehouse_interfaces/share/warehouse_interfaces/cmake/warehouse_interfaces__rosidl_typesupport_cExport.cmake
[5.800s] -- Installing: /home/mrinal/warehouse_ws/install/warehouse_interfaces/share/warehouse_interfaces/cmake/warehouse_interfaces__rosidl_typesupport_cExport-noconfig.cmake
[5.800s] -- Installing: /home/mrinal/warehouse_ws/install/warehouse_interfaces/share/warehouse_interfaces/cmake/export_warehouse_interfaces__rosidl_generator_cppExport.cmake
[5.800s] -- Installing: /home/mrinal/warehouse_ws/install/warehouse_interfaces/share/warehouse_interfaces/cmake/export_warehouse_interfaces__rosidl_typesupport_fastrtps_cppExport.cmake
[5.800s] -- Installing: /home/mrinal/warehouse_ws/install/warehouse_interfaces/share/warehouse_interfaces/cmake/export_warehouse_interfaces__rosidl_typesupport_fastrtps_cppExport-noconfig.cmake
[5.800s] -- Installing: /home/mrinal/warehouse_ws/install/warehouse_interfaces/share/warehouse_interfaces/cmake/warehouse_interfaces__rosidl_typesupport_introspection_cppExport.cmake
[5.800s] -- Installing: /home/mrinal/warehouse_ws/install/warehouse_interfaces/share/warehouse_interfaces/cmake/warehouse_interfaces__rosidl_typesupport_introspection_cppExport-noconfig.cmake
[5.801s] -- Installing: /home/mrinal/warehouse_ws/install/warehouse_interfaces/share/warehouse_interfaces/cmake/warehouse_interfaces__rosidl_typesupport_cppExport.cmake
[5.801s] -- Installing: /home/mrinal/warehouse_ws/install/warehouse_interfaces/share/warehouse_interfaces/cmake/warehouse_interfaces__rosidl_typesupport_cppExport-noconfig.cmake
[5.801s] -- Installing: /home/mrinal/warehouse_ws/install/warehouse_interfaces/share/warehouse_interfaces/cmake/export_warehouse_interfaces__rosidl_generator_pyExport.cmake
[5.801s] -- Installing: /home/mrinal/warehouse_ws/install/warehouse_interfaces/share/warehouse_interfaces/cmake/export_warehouse_interfaces__rosidl_generator_pyExport-noconfig.cmake
[5.801s] -- Installing: /home/mrinal/warehouse_ws/install/warehouse_interfaces/share/warehouse_interfaces/cmake/rosidl_cmake-extras.cmake
[5.801s] -- Installing: /home/mrinal/warehouse_ws/install/warehouse_interfaces/share/warehouse_interfaces/cmake/ament_cmake_export_include_directories-extras.cmake
[5.801s] -- Installing: /home/mrinal/warehouse_ws/install/warehouse_interfaces/share/warehouse_interfaces/cmake/ament_cmake_export_libraries-extras.cmake
[5.802s] -- Installing: /home/mrinal/warehouse_ws/install/warehouse_interfaces/share/warehouse_interfaces/cmake/ament_cmake_export_targets-extras.cmake
[5.802s] -- Installing: /home/mrinal/warehouse_ws/install/warehouse_interfaces/share/warehouse_interfaces/cmake/rosidl_cmake_export_typesupport_targets-extras.cmake
[5.802s] -- Installing: /home/mrinal/warehouse_ws/install/warehouse_interfaces/share/warehouse_interfaces/cmake/ament_cmake_export_dependencies-extras.cmake
[5.802s] -- Installing: /home/mrinal/warehouse_ws/install/warehouse_interfaces/share/warehouse_interfaces/cmake/rosidl_cmake_export_typesupport_libraries-extras.cmake
[5.802s] -- Installing: /home/mrinal/warehouse_ws/install/warehouse_interfaces/share/warehouse_interfaces/cmake/warehouse_interfacesConfig.cmake
[5.802s] -- Installing: /home/mrinal/warehouse_ws/install/warehouse_interfaces/share/warehouse_interfaces/cmake/warehouse_interfacesConfig-version.cmake
[5.802s] -- Installing: /home/mrinal/warehouse_ws/install/warehouse_interfaces/share/warehouse_interfaces/package.xml
[5.804s] Invoked command in '/home/mrinal/warehouse_ws/build/warehouse_interfaces' returned '0': /usr/bin/cmake --install /home/mrinal/warehouse_ws/build/warehouse_interfaces
