[28.940s] Invoking command in '/home/mrinal/warehouse_ws/src/warehouse_simulator': PYTHONPATH=/home/mrinal/warehouse_ws/build/warehouse_simulator/prefix_override:/usr/lib/python3/dist-packages/colcon_core/task/python/colcon_distutils_commands:/home/mrinal/warehouse_ws/install/warehouse_simulator/lib/python3.10/site-packages:/home/mrinal/warehouse_ws/install/warehouse_interfaces/local/lib/python3.10/dist-packages:/home/mrinal/warehouse_ws/install/warehouse_simulator/lib/python3.10/site-packages:/opt/ros/humble/lib/python3.10/site-packages:/opt/ros/humble/local/lib/python3.10/dist-packages /usr/bin/python3 -W ignore:setup.py install is deprecated -W ignore:easy_install command is deprecated setup.py egg_info --egg-base ../../build/warehouse_simulator build --build-base /home/mrinal/warehouse_ws/build/warehouse_simulator/build install --record /home/mrinal/warehouse_ws/build/warehouse_simulator/install.log --single-version-externally-managed install_data
[29.267s] running egg_info
[29.268s] writing ../../build/warehouse_simulator/warehouse_simulator.egg-info/PKG-INFO
[29.268s] writing dependency_links to ../../build/warehouse_simulator/warehouse_simulator.egg-info/dependency_links.txt
[29.268s] writing entry points to ../../build/warehouse_simulator/warehouse_simulator.egg-info/entry_points.txt
[29.269s] writing requirements to ../../build/warehouse_simulator/warehouse_simulator.egg-info/requires.txt
[29.269s] writing top-level names to ../../build/warehouse_simulator/warehouse_simulator.egg-info/top_level.txt
[29.272s] reading manifest file '../../build/warehouse_simulator/warehouse_simulator.egg-info/SOURCES.txt'
[29.273s] writing manifest file '../../build/warehouse_simulator/warehouse_simulator.egg-info/SOURCES.txt'
[29.274s] running build
[29.274s] running build_py
[29.274s] copying warehouse_simulator/robot_agent.py -> /home/mrinal/warehouse_ws/build/warehouse_simulator/build/lib/warehouse_simulator
[29.275s] copying warehouse_simulator/fleet_manager.py -> /home/mrinal/warehouse_ws/build/warehouse_simulator/build/lib/warehouse_simulator
[29.275s] running install
[29.276s] running install_lib
[29.277s] copying /home/mrinal/warehouse_ws/build/warehouse_simulator/build/lib/warehouse_simulator/robot_agent.py -> /home/mrinal/warehouse_ws/install/warehouse_simulator/lib/python3.10/site-packages/warehouse_simulator
[29.277s] copying /home/mrinal/warehouse_ws/build/warehouse_simulator/build/lib/warehouse_simulator/fleet_manager.py -> /home/mrinal/warehouse_ws/install/warehouse_simulator/lib/python3.10/site-packages/warehouse_simulator
[29.278s] byte-compiling /home/mrinal/warehouse_ws/install/warehouse_simulator/lib/python3.10/site-packages/warehouse_simulator/robot_agent.py to robot_agent.cpython-310.pyc
[29.281s] byte-compiling /home/mrinal/warehouse_ws/install/warehouse_simulator/lib/python3.10/site-packages/warehouse_simulator/fleet_manager.py to fleet_manager.cpython-310.pyc
[29.284s] running install_data
[29.284s] running install_egg_info
[29.287s] removing '/home/mrinal/warehouse_ws/install/warehouse_simulator/lib/python3.10/site-packages/warehouse_simulator-0.0.0-py3.10.egg-info' (and everything under it)
[29.288s] Copying ../../build/warehouse_simulator/warehouse_simulator.egg-info to /home/mrinal/warehouse_ws/install/warehouse_simulator/lib/python3.10/site-packages/warehouse_simulator-0.0.0-py3.10.egg-info
[29.291s] running install_scripts
[29.325s] Installing fleet_manager script to /home/mrinal/warehouse_ws/install/warehouse_simulator/lib/warehouse_simulator
[29.325s] Installing robot_agent script to /home/mrinal/warehouse_ws/install/warehouse_simulator/lib/warehouse_simulator
[29.326s] Installing warehouse_map script to /home/mrinal/warehouse_ws/install/warehouse_simulator/lib/warehouse_simulator
[29.326s] writing list of installed files to '/home/mrinal/warehouse_ws/build/warehouse_simulator/install.log'
[29.362s] Invoked command in '/home/mrinal/warehouse_ws/src/warehouse_simulator' returned '0': PYTHONPATH=/home/mrinal/warehouse_ws/build/warehouse_simulator/prefix_override:/usr/lib/python3/dist-packages/colcon_core/task/python/colcon_distutils_commands:/home/mrinal/warehouse_ws/install/warehouse_simulator/lib/python3.10/site-packages:/home/mrinal/warehouse_ws/install/warehouse_interfaces/local/lib/python3.10/dist-packages:/home/mrinal/warehouse_ws/install/warehouse_simulator/lib/python3.10/site-packages:/opt/ros/humble/lib/python3.10/site-packages:/opt/ros/humble/local/lib/python3.10/dist-packages /usr/bin/python3 -W ignore:setup.py install is deprecated -W ignore:easy_install command is deprecated setup.py egg_info --egg-base ../../build/warehouse_simulator build --build-base /home/mrinal/warehouse_ws/build/warehouse_simulator/build install --record /home/mrinal/warehouse_ws/build/warehouse_simulator/install.log --single-version-externally-managed install_data
