running egg_info
writing ../../build/warehouse_simulator/warehouse_simulator.egg-info/PKG-INFO
writing dependency_links to ../../build/warehouse_simulator/warehouse_simulator.egg-info/dependency_links.txt
writing entry points to ../../build/warehouse_simulator/warehouse_simulator.egg-info/entry_points.txt
writing requirements to ../../build/warehouse_simulator/warehouse_simulator.egg-info/requires.txt
writing top-level names to ../../build/warehouse_simulator/warehouse_simulator.egg-info/top_level.txt
reading manifest file '../../build/warehouse_simulator/warehouse_simulator.egg-info/SOURCES.txt'
writing manifest file '../../build/warehouse_simulator/warehouse_simulator.egg-info/SOURCES.txt'
running build
running build_py
copying warehouse_simulator/robot_agent.py -> /home/mrinal/warehouse_ws/build/warehouse_simulator/build/lib/warehouse_simulator
running install
running install_lib
copying /home/mrinal/warehouse_ws/build/warehouse_simulator/build/lib/warehouse_simulator/robot_agent.py -> /home/mrinal/warehouse_ws/install/warehouse_simulator/lib/python3.10/site-packages/warehouse_simulator
byte-compiling /home/mrinal/warehouse_ws/install/warehouse_simulator/lib/python3.10/site-packages/warehouse_simulator/robot_agent.py to robot_agent.cpython-310.pyc
running install_data
running install_egg_info
removing '/home/mrinal/warehouse_ws/install/warehouse_simulator/lib/python3.10/site-packages/warehouse_simulator-0.0.0-py3.10.egg-info' (and everything under it)
Copying ../../build/warehouse_simulator/warehouse_simulator.egg-info to /home/mrinal/warehouse_ws/install/warehouse_simulator/lib/python3.10/site-packages/warehouse_simulator-0.0.0-py3.10.egg-info
running install_scripts
Installing fleet_manager script to /home/mrinal/warehouse_ws/install/warehouse_simulator/lib/warehouse_simulator
Installing robot_agent script to /home/mrinal/warehouse_ws/install/warehouse_simulator/lib/warehouse_simulator
Installing warehouse_map script to /home/mrinal/warehouse_ws/install/warehouse_simulator/lib/warehouse_simulator
writing list of installed files to '/home/mrinal/warehouse_ws/build/warehouse_simulator/install.log'
