[1.245s] DEBUG:colcon:Command line arguments: ['/usr/bin/colcon', 'build', '--packages-select', 'warehouse_simulator']
[1.246s] DEBUG:colcon:Parsed command line arguments: Namespace(log_base=None, log_level=None, verb_name='build', build_base='build', install_base='install', merge_install=False, symlink_install=False, test_result_base=None, continue_on_error=False, executor='parallel', parallel_workers=24, event_handlers=None, ignore_user_meta=False, metas=['./colcon.meta'], base_paths=['.'], packages_ignore=None, packages_ignore_regex=None, paths=None, packages_up_to=None, packages_up_to_regex=None, packages_above=None, packages_above_and_dependencies=None, packages_above_depth=None, packages_select_by_dep=None, packages_skip_by_dep=None, packages_skip_up_to=None, packages_select_build_failed=False, packages_skip_build_finished=False, packages_select_test_failures=False, packages_skip_test_passed=False, packages_select=['warehouse_simulator'], packages_skip=None, packages_select_regex=None, packages_skip_regex=None, packages_start=None, packages_end=None, allow_overriding=[], cmake_args=None, cmake_target=None, cmake_target_skip_unavailable=False, cmake_clean_cache=False, cmake_clean_first=False, cmake_force_configure=False, ament_cmake_args=None, catkin_cmake_args=None, catkin_skip_building_tests=False, verb_parser=<colcon_defaults.argument_parser.defaults.DefaultArgumentsDecorator object at 0x7e3610b97ca0>, verb_extension=<colcon_core.verb.build.BuildVerb object at 0x7e3610b977f0>, main=<bound method BuildVerb.main of <colcon_core.verb.build.BuildVerb object at 0x7e3610b977f0>>)
[1.508s] Level 1:colcon.colcon_core.package_discovery:discover_packages(colcon_meta) check parameters
[1.508s] Level 1:colcon.colcon_core.package_discovery:discover_packages(recursive) check parameters
[1.508s] Level 1:colcon.colcon_core.package_discovery:discover_packages(ignore) check parameters
[1.508s] Level 1:colcon.colcon_core.package_discovery:discover_packages(path) check parameters
[1.509s] Level 1:colcon.colcon_core.package_discovery:discover_packages(colcon_meta) discover
[1.509s] Level 1:colcon.colcon_core.package_discovery:discover_packages(recursive) discover
[1.509s] INFO:colcon.colcon_core.package_discovery:Crawling recursively for packages in '/home/mrinal/warehouse_ws'
[1.509s] Level 1:colcon.colcon_core.package_identification:_identify(.) by extensions ['ignore', 'ignore_ament_install']
[1.509s] Level 1:colcon.colcon_core.package_identification:_identify(.) by extension 'ignore'
[1.509s] Level 1:colcon.colcon_core.package_identification:_identify(.) by extension 'ignore_ament_install'
[1.509s] Level 1:colcon.colcon_core.package_identification:_identify(.) by extensions ['colcon_pkg']
[1.510s] Level 1:colcon.colcon_core.package_identification:_identify(.) by extension 'colcon_pkg'
[1.510s] Level 1:colcon.colcon_core.package_identification:_identify(.) by extensions ['colcon_meta']
[1.510s] Level 1:colcon.colcon_core.package_identification:_identify(.) by extension 'colcon_meta'
[1.510s] Level 1:colcon.colcon_core.package_identification:_identify(.) by extensions ['ros']
[1.510s] Level 1:colcon.colcon_core.package_identification:_identify(.) by extension 'ros'
[1.532s] Level 1:colcon.colcon_core.package_identification:_identify(.) by extensions ['cmake', 'python']
[1.533s] Level 1:colcon.colcon_core.package_identification:_identify(.) by extension 'cmake'
[1.533s] Level 1:colcon.colcon_core.package_identification:_identify(.) by extension 'python'
[1.533s] Level 1:colcon.colcon_core.package_identification:_identify(.) by extensions ['python_setup_py']
[1.533s] Level 1:colcon.colcon_core.package_identification:_identify(.) by extension 'python_setup_py'
[1.533s] Level 1:colcon.colcon_core.package_identification:_identify(build) by extensions ['ignore', 'ignore_ament_install']
[1.533s] Level 1:colcon.colcon_core.package_identification:_identify(build) by extension 'ignore'
[1.533s] Level 1:colcon.colcon_core.package_identification:_identify(build) ignored
[1.534s] Level 1:colcon.colcon_core.package_identification:_identify(install) by extensions ['ignore', 'ignore_ament_install']
[1.534s] Level 1:colcon.colcon_core.package_identification:_identify(install) by extension 'ignore'
[1.534s] Level 1:colcon.colcon_core.package_identification:_identify(install) ignored
[1.534s] Level 1:colcon.colcon_core.package_identification:_identify(log) by extensions ['ignore', 'ignore_ament_install']
[1.534s] Level 1:colcon.colcon_core.package_identification:_identify(log) by extension 'ignore'
[1.534s] Level 1:colcon.colcon_core.package_identification:_identify(log) ignored
[1.534s] Level 1:colcon.colcon_core.package_identification:_identify(src) by extensions ['ignore', 'ignore_ament_install']
[1.535s] Level 1:colcon.colcon_core.package_identification:_identify(src) by extension 'ignore'
[1.535s] Level 1:colcon.colcon_core.package_identification:_identify(src) by extension 'ignore_ament_install'
[1.535s] Level 1:colcon.colcon_core.package_identification:_identify(src) by extensions ['colcon_pkg']
[1.535s] Level 1:colcon.colcon_core.package_identification:_identify(src) by extension 'colcon_pkg'
[1.535s] Level 1:colcon.colcon_core.package_identification:_identify(src) by extensions ['colcon_meta']
[1.535s] Level 1:colcon.colcon_core.package_identification:_identify(src) by extension 'colcon_meta'
[1.536s] Level 1:colcon.colcon_core.package_identification:_identify(src) by extensions ['ros']
[1.536s] Level 1:colcon.colcon_core.package_identification:_identify(src) by extension 'ros'
[1.536s] Level 1:colcon.colcon_core.package_identification:_identify(src) by extensions ['cmake', 'python']
[1.536s] Level 1:colcon.colcon_core.package_identification:_identify(src) by extension 'cmake'
[1.536s] Level 1:colcon.colcon_core.package_identification:_identify(src) by extension 'python'
[1.536s] Level 1:colcon.colcon_core.package_identification:_identify(src) by extensions ['python_setup_py']
[1.536s] Level 1:colcon.colcon_core.package_identification:_identify(src) by extension 'python_setup_py'
[1.536s] Level 1:colcon.colcon_core.package_identification:_identify(src/warehouse_interfaces) by extensions ['ignore', 'ignore_ament_install']
[1.537s] Level 1:colcon.colcon_core.package_identification:_identify(src/warehouse_interfaces) by extension 'ignore'
[1.537s] Level 1:colcon.colcon_core.package_identification:_identify(src/warehouse_interfaces) by extension 'ignore_ament_install'
[1.537s] Level 1:colcon.colcon_core.package_identification:_identify(src/warehouse_interfaces) by extensions ['colcon_pkg']
[1.537s] Level 1:colcon.colcon_core.package_identification:_identify(src/warehouse_interfaces) by extension 'colcon_pkg'
[1.537s] Level 1:colcon.colcon_core.package_identification:_identify(src/warehouse_interfaces) by extensions ['colcon_meta']
[1.537s] Level 1:colcon.colcon_core.package_identification:_identify(src/warehouse_interfaces) by extension 'colcon_meta'
[1.537s] Level 1:colcon.colcon_core.package_identification:_identify(src/warehouse_interfaces) by extensions ['ros']
[1.537s] Level 1:colcon.colcon_core.package_identification:_identify(src/warehouse_interfaces) by extension 'ros'
[1.540s] DEBUG:colcon.colcon_core.package_identification:Package 'src/warehouse_interfaces' with type 'ros.catkin' and name 'warehouse_interfaces'
[1.541s] Level 1:colcon.colcon_core.package_identification:_identify(src/warehouse_simulator) by extensions ['ignore', 'ignore_ament_install']
[1.541s] Level 1:colcon.colcon_core.package_identification:_identify(src/warehouse_simulator) by extension 'ignore'
[1.541s] Level 1:colcon.colcon_core.package_identification:_identify(src/warehouse_simulator) by extension 'ignore_ament_install'
[1.541s] Level 1:colcon.colcon_core.package_identification:_identify(src/warehouse_simulator) by extensions ['colcon_pkg']
[1.541s] Level 1:colcon.colcon_core.package_identification:_identify(src/warehouse_simulator) by extension 'colcon_pkg'
[1.541s] Level 1:colcon.colcon_core.package_identification:_identify(src/warehouse_simulator) by extensions ['colcon_meta']
[1.541s] Level 1:colcon.colcon_core.package_identification:_identify(src/warehouse_simulator) by extension 'colcon_meta'
[1.541s] Level 1:colcon.colcon_core.package_identification:_identify(src/warehouse_simulator) by extensions ['ros']
[1.542s] Level 1:colcon.colcon_core.package_identification:_identify(src/warehouse_simulator) by extension 'ros'
[1.543s] DEBUG:colcon.colcon_core.package_identification:Package 'src/warehouse_simulator' with type 'ros.ament_python' and name 'warehouse_simulator'
[1.543s] Level 1:colcon.colcon_core.package_discovery:discover_packages(recursive) using defaults
[1.543s] Level 1:colcon.colcon_core.package_discovery:discover_packages(ignore) discover
[1.543s] Level 1:colcon.colcon_core.package_discovery:discover_packages(ignore) using defaults
[1.543s] Level 1:colcon.colcon_core.package_discovery:discover_packages(path) discover
[1.543s] Level 1:colcon.colcon_core.package_discovery:discover_packages(path) using defaults
[1.572s] INFO:colcon.colcon_core.package_selection:Skipping not selected package 'warehouse_interfaces' in 'src/warehouse_interfaces'
[1.573s] Level 1:colcon.colcon_core.package_discovery:discover_packages(prefix_path) check parameters
[1.573s] Level 1:colcon.colcon_core.package_discovery:discover_packages(prefix_path) discover
[1.575s] DEBUG:colcon.colcon_installed_package_information.package_discovery:Found 2 installed packages in /home/mrinal/warehouse_ws/install
[1.577s] DEBUG:colcon.colcon_installed_package_information.package_discovery:Found 408 installed packages in /opt/ros/humble
[1.591s] Level 1:colcon.colcon_core.package_discovery:discover_packages(prefix_path) using defaults
[1.674s] Level 5:colcon.colcon_core.verb:set package 'warehouse_simulator' build argument 'cmake_args' from command line to 'None'
[1.675s] Level 5:colcon.colcon_core.verb:set package 'warehouse_simulator' build argument 'cmake_target' from command line to 'None'
[1.675s] Level 5:colcon.colcon_core.verb:set package 'warehouse_simulator' build argument 'cmake_target_skip_unavailable' from command line to 'False'
[1.675s] Level 5:colcon.colcon_core.verb:set package 'warehouse_simulator' build argument 'cmake_clean_cache' from command line to 'False'
[1.675s] Level 5:colcon.colcon_core.verb:set package 'warehouse_simulator' build argument 'cmake_clean_first' from command line to 'False'
[1.675s] Level 5:colcon.colcon_core.verb:set package 'warehouse_simulator' build argument 'cmake_force_configure' from command line to 'False'
[1.675s] Level 5:colcon.colcon_core.verb:set package 'warehouse_simulator' build argument 'ament_cmake_args' from command line to 'None'
[1.675s] Level 5:colcon.colcon_core.verb:set package 'warehouse_simulator' build argument 'catkin_cmake_args' from command line to 'None'
[1.675s] Level 5:colcon.colcon_core.verb:set package 'warehouse_simulator' build argument 'catkin_skip_building_tests' from command line to 'False'
[1.676s] DEBUG:colcon.colcon_core.verb:Building package 'warehouse_simulator' with the following arguments: {'ament_cmake_args': None, 'build_base': '/home/mrinal/warehouse_ws/build/warehouse_simulator', 'catkin_cmake_args': None, 'catkin_skip_building_tests': False, 'cmake_args': None, 'cmake_clean_cache': False, 'cmake_clean_first': False, 'cmake_force_configure': False, 'cmake_target': None, 'cmake_target_skip_unavailable': False, 'install_base': '/home/mrinal/warehouse_ws/install/warehouse_simulator', 'merge_install': False, 'path': '/home/mrinal/warehouse_ws/src/warehouse_simulator', 'symlink_install': False, 'test_result_base': None}
[1.676s] INFO:colcon.colcon_core.executor:Executing jobs using 'parallel' executor
[1.678s] DEBUG:colcon.colcon_parallel_executor.executor.parallel:run_until_complete
[1.678s] INFO:colcon.colcon_ros.task.ament_python.build:Building ROS package in '/home/mrinal/warehouse_ws/src/warehouse_simulator' with build type 'ament_python'
[1.678s] Level 1:colcon.colcon_core.shell:create_environment_hook('warehouse_simulator', 'ament_prefix_path')
[1.683s] INFO:colcon.colcon_core.plugin_system:Skipping extension 'colcon_core.shell.bat': Not used on non-Windows systems
[1.683s] INFO:colcon.colcon_core.shell:Creating environment hook '/home/mrinal/warehouse_ws/install/warehouse_simulator/share/warehouse_simulator/hook/ament_prefix_path.ps1'
[1.685s] INFO:colcon.colcon_core.shell:Creating environment descriptor '/home/mrinal/warehouse_ws/install/warehouse_simulator/share/warehouse_simulator/hook/ament_prefix_path.dsv'
[1.685s] INFO:colcon.colcon_core.shell:Creating environment hook '/home/mrinal/warehouse_ws/install/warehouse_simulator/share/warehouse_simulator/hook/ament_prefix_path.sh'
[1.687s] INFO:colcon.colcon_core.shell:Skip shell extension 'powershell' for command environment: Not usable outside of PowerShell
[1.687s] DEBUG:colcon.colcon_core.shell:Skip shell extension 'dsv' for command environment
[26.770s] INFO:colcon.colcon_core.task.python.build:Building Python package in '/home/mrinal/warehouse_ws/src/warehouse_simulator'
[26.771s] INFO:colcon.colcon_core.shell:Skip shell extension 'powershell' for command environment: Not usable outside of PowerShell
[26.771s] DEBUG:colcon.colcon_core.shell:Skip shell extension 'dsv' for command environment
[30.621s] DEBUG:colcon.colcon_core.event_handler.log_command:Invoking command in '/home/mrinal/warehouse_ws/src/warehouse_simulator': PYTHONPATH=/home/mrinal/warehouse_ws/build/warehouse_simulator/prefix_override:/usr/lib/python3/dist-packages/colcon_core/task/python/colcon_distutils_commands:/home/mrinal/warehouse_ws/install/warehouse_simulator/lib/python3.10/site-packages:/home/mrinal/warehouse_ws/install/warehouse_interfaces/local/lib/python3.10/dist-packages:/home/mrinal/warehouse_ws/install/warehouse_simulator/lib/python3.10/site-packages:/opt/ros/humble/lib/python3.10/site-packages:/opt/ros/humble/local/lib/python3.10/dist-packages /usr/bin/python3 -W ignore:setup.py install is deprecated -W ignore:easy_install command is deprecated setup.py egg_info --egg-base ../../build/warehouse_simulator build --build-base /home/mrinal/warehouse_ws/build/warehouse_simulator/build install --record /home/mrinal/warehouse_ws/build/warehouse_simulator/install.log --single-version-externally-managed install_data
[31.043s] DEBUG:colcon.colcon_core.event_handler.log_command:Invoked command in '/home/mrinal/warehouse_ws/src/warehouse_simulator' returned '0': PYTHONPATH=/home/mrinal/warehouse_ws/build/warehouse_simulator/prefix_override:/usr/lib/python3/dist-packages/colcon_core/task/python/colcon_distutils_commands:/home/mrinal/warehouse_ws/install/warehouse_simulator/lib/python3.10/site-packages:/home/mrinal/warehouse_ws/install/warehouse_interfaces/local/lib/python3.10/dist-packages:/home/mrinal/warehouse_ws/install/warehouse_simulator/lib/python3.10/site-packages:/opt/ros/humble/lib/python3.10/site-packages:/opt/ros/humble/local/lib/python3.10/dist-packages /usr/bin/python3 -W ignore:setup.py install is deprecated -W ignore:easy_install command is deprecated setup.py egg_info --egg-base ../../build/warehouse_simulator build --build-base /home/mrinal/warehouse_ws/build/warehouse_simulator/build install --record /home/mrinal/warehouse_ws/build/warehouse_simulator/install.log --single-version-externally-managed install_data
[31.047s] Level 1:colcon.colcon_core.environment:checking '/home/mrinal/warehouse_ws/install/warehouse_simulator' for CMake module files
[31.047s] Level 1:colcon.colcon_core.environment:checking '/home/mrinal/warehouse_ws/install/warehouse_simulator' for CMake config files
[31.049s] Level 1:colcon.colcon_core.environment:checking '/home/mrinal/warehouse_ws/install/warehouse_simulator/lib'
[31.050s] Level 1:colcon.colcon_core.environment:checking '/home/mrinal/warehouse_ws/install/warehouse_simulator/bin'
[31.050s] Level 1:colcon.colcon_core.environment:checking '/home/mrinal/warehouse_ws/install/warehouse_simulator/lib/pkgconfig/warehouse_simulator.pc'
[31.050s] Level 1:colcon.colcon_core.environment:checking '/home/mrinal/warehouse_ws/install/warehouse_simulator/lib/python3.10/site-packages'
[31.051s] Level 1:colcon.colcon_core.shell:create_environment_hook('warehouse_simulator', 'pythonpath')
[31.052s] INFO:colcon.colcon_core.shell:Creating environment hook '/home/mrinal/warehouse_ws/install/warehouse_simulator/share/warehouse_simulator/hook/pythonpath.ps1'
[31.053s] INFO:colcon.colcon_core.shell:Creating environment descriptor '/home/mrinal/warehouse_ws/install/warehouse_simulator/share/warehouse_simulator/hook/pythonpath.dsv'
[31.054s] INFO:colcon.colcon_core.shell:Creating environment hook '/home/mrinal/warehouse_ws/install/warehouse_simulator/share/warehouse_simulator/hook/pythonpath.sh'
[31.056s] Level 1:colcon.colcon_core.environment:checking '/home/mrinal/warehouse_ws/install/warehouse_simulator/bin'
[31.056s] Level 1:colcon.colcon_core.environment:create_environment_scripts_only(warehouse_simulator)
[31.057s] INFO:colcon.colcon_core.shell:Creating package script '/home/mrinal/warehouse_ws/install/warehouse_simulator/share/warehouse_simulator/package.ps1'
[31.059s] INFO:colcon.colcon_core.shell:Creating package descriptor '/home/mrinal/warehouse_ws/install/warehouse_simulator/share/warehouse_simulator/package.dsv'
[31.059s] INFO:colcon.colcon_core.shell:Creating package script '/home/mrinal/warehouse_ws/install/warehouse_simulator/share/warehouse_simulator/package.sh'
[31.061s] INFO:colcon.colcon_core.shell:Creating package script '/home/mrinal/warehouse_ws/install/warehouse_simulator/share/warehouse_simulator/package.bash'
[31.062s] INFO:colcon.colcon_core.shell:Creating package script '/home/mrinal/warehouse_ws/install/warehouse_simulator/share/warehouse_simulator/package.zsh'
[31.063s] Level 1:colcon.colcon_core.environment:create_file_with_runtime_dependencies(/home/mrinal/warehouse_ws/install/warehouse_simulator/share/colcon-core/packages/warehouse_simulator)
[31.063s] DEBUG:colcon.colcon_parallel_executor.executor.parallel:closing loop
[31.065s] DEBUG:colcon.colcon_parallel_executor.executor.parallel:loop closed
[31.065s] DEBUG:colcon.colcon_parallel_executor.executor.parallel:run_until_complete finished with '0'
[31.065s] DEBUG:colcon.colcon_core.event_reactor:joining thread
[31.248s] INFO:colcon.colcon_core.plugin_system:Skipping extension 'colcon_notification.desktop_notification.notify_send': Could not find 'notify-send'
[31.248s] INFO:colcon.colcon_core.plugin_system:Skipping extension 'colcon_notification.desktop_notification.terminal_notifier': Not used on non-Darwin systems
[31.248s] INFO:colcon.colcon_core.plugin_system:Skipping extension 'colcon_notification.desktop_notification.win32': Not used on non-Windows systems
[31.249s] INFO:colcon.colcon_notification.desktop_notification:Sending desktop notification using 'notify2'
[31.249s] DEBUG:colcon.colcon_notification.desktop_notification.notify2:Failed to initialize notify2: org.freedesktop.DBus.Error.FileNotFound: Failed to connect to socket /run/user/1000/bus: No such file or directory
[31.249s] DEBUG:colcon.colcon_core.event_reactor:joined thread
[31.250s] INFO:colcon.colcon_core.shell:Creating prefix script '/home/mrinal/warehouse_ws/install/local_setup.ps1'
[31.251s] INFO:colcon.colcon_core.shell:Creating prefix util module '/home/mrinal/warehouse_ws/install/_local_setup_util_ps1.py'
[31.253s] INFO:colcon.colcon_core.shell:Creating prefix chain script '/home/mrinal/warehouse_ws/install/setup.ps1'
[31.255s] INFO:colcon.colcon_core.shell:Creating prefix script '/home/mrinal/warehouse_ws/install/local_setup.sh'
[31.256s] INFO:colcon.colcon_core.shell:Creating prefix util module '/home/mrinal/warehouse_ws/install/_local_setup_util_sh.py'
[31.257s] INFO:colcon.colcon_core.shell:Creating prefix chain script '/home/mrinal/warehouse_ws/install/setup.sh'
[31.258s] INFO:colcon.colcon_core.shell:Creating prefix script '/home/mrinal/warehouse_ws/install/local_setup.bash'
[31.259s] INFO:colcon.colcon_core.shell:Creating prefix chain script '/home/mrinal/warehouse_ws/install/setup.bash'
[31.260s] INFO:colcon.colcon_core.shell:Creating prefix script '/home/mrinal/warehouse_ws/install/local_setup.zsh'
[31.260s] INFO:colcon.colcon_core.shell:Creating prefix chain script '/home/mrinal/warehouse_ws/install/setup.zsh'
