[0.022s] Invoking command in '/home/mrinal/warehouse_ws/build/warehouse_interfaces': /usr/bin/cmake --build /home/mrinal/warehouse_ws/build/warehouse_interfaces -- -j24 -l24
[0.085s] -- Found ament_cmake: 1.3.14 (/opt/ros/humble/share/ament_cmake/cmake)
[0.277s] -- Found rosidl_default_generators: 1.2.1 (/opt/ros/humble/share/rosidl_default_generators/cmake)
[0.281s] -- Using all available rosidl_typesupport_c: rosidl_typesupport_fastrtps_c;rosidl_typesupport_introspection_c
[0.286s] -- Found rosidl_adapter: 3.1.8 (/opt/ros/humble/share/rosidl_adapter/cmake)
[0.646s] -- Using all available rosidl_typesupport_cpp: rosidl_typesupport_fastrtps_cpp;rosidl_typesupport_introspection_cpp
[0.917s] -- Found ament_cmake_ros: 0.10.0 (/opt/ros/humble/share/ament_cmake_ros/cmake)
[1.080s] -- Using all available rosidl_typesupport_c: rosidl_typesupport_fastrtps_c;rosidl_typesupport_introspection_c
[1.285s] -- Using all available rosidl_typesupport_cpp: rosidl_typesupport_fastrtps_cpp;rosidl_typesupport_introspection_cpp
[1.307s] -- Found python_cmake_module: 0.10.0 (/opt/ros/humble/share/python_cmake_module/cmake)
[1.331s] -- Using PYTHON_EXECUTABLE: /usr/bin/python3
[1.331s] -- Using PYTHON_INCLUDE_DIRS: /usr/include/python3.10
[1.331s] -- Using PYTHON_LIBRARIES: /usr/lib/x86_64-linux-gnu/libpython3.10.so
[1.412s] -- Configuring done
[1.480s] -- Generating done
[1.495s] -- Build files have been written to: /home/mrinal/warehouse_ws/build/warehouse_interfaces
[1.520s] [  3%] [34m[1mGenerating C code for ROS interfaces[0m
[1.527s] [  6%] [34m[1mGenerating Rust code for ROS interfaces[0m
[1.528s] [  9%] [34m[1mGenerating C++ code for ROS interfaces[0m
[1.541s] [  9%] Built target ament_cmake_python_copy_warehouse_interfaces
[1.755s] [  9%] Built target warehouse_interfaces__rs
[1.760s] running egg_info
[1.761s] writing warehouse_interfaces.egg-info/PKG-INFO
[1.761s] writing dependency_links to warehouse_interfaces.egg-info/dependency_links.txt
[1.761s] writing top-level names to warehouse_interfaces.egg-info/top_level.txt
[1.765s] reading manifest file 'warehouse_interfaces.egg-info/SOURCES.txt'
[1.765s] writing manifest file 'warehouse_interfaces.egg-info/SOURCES.txt'
[1.776s] [35m[1mConsolidate compiler generated dependencies of target warehouse_interfaces__rosidl_generator_c[0m
[1.786s] [ 12%] [32mBuilding C object CMakeFiles/warehouse_interfaces__rosidl_generator_c.dir/rosidl_generator_c/warehouse_interfaces/srv/detail/assign_task__functions.c.o[0m
[1.787s] [ 12%] Built target warehouse_interfaces__cpp
[1.788s] [ 12%] Built target ament_cmake_python_build_warehouse_interfaces_egg
[1.797s] [ 18%] [34m[1mGenerating C++ type support for eProsima Fast-RTPS[0m
[1.797s] [ 18%] [34m[1mGenerating C++ type support dispatch for ROS interfaces[0m
[1.797s] [ 21%] [34m[1mGenerating C++ introspection for ROS interfaces[0m
[1.920s] [ 25%] [32m[1mLinking C shared library libwarehouse_interfaces__rosidl_generator_c.so[0m
[2.011s] [35m[1mConsolidate compiler generated dependencies of target warehouse_interfaces__rosidl_typesupport_cpp[0m
[2.025s] [ 28%] [32mBuilding CXX object CMakeFiles/warehouse_interfaces__rosidl_typesupport_cpp.dir/rosidl_typesupport_cpp/warehouse_interfaces/srv/assign_task__type_support.cpp.o[0m
[2.028s] [35m[1mConsolidate compiler generated dependencies of target warehouse_interfaces__rosidl_typesupport_introspection_cpp[0m
[2.040s] [ 31%] [32mBuilding CXX object CMakeFiles/warehouse_interfaces__rosidl_typesupport_introspection_cpp.dir/rosidl_typesupport_introspection_cpp/warehouse_interfaces/srv/detail/assign_task__type_support.cpp.o[0m
[2.044s] [35m[1mConsolidate compiler generated dependencies of target warehouse_interfaces__rosidl_typesupport_fastrtps_cpp[0m
[2.057s] [ 34%] [32mBuilding CXX object CMakeFiles/warehouse_interfaces__rosidl_typesupport_fastrtps_cpp.dir/rosidl_typesupport_fastrtps_cpp/warehouse_interfaces/srv/detail/dds_fastrtps/assign_task__type_support.cpp.o[0m
[2.168s] [ 34%] Built target warehouse_interfaces__rosidl_generator_c
[2.178s] [ 40%] [34m[1mGenerating C type support dispatch for ROS interfaces[0m
[2.178s] [ 40%] [34m[1mGenerating C type support for eProsima Fast-RTPS[0m
[2.178s] [ 43%] [34m[1mGenerating C introspection for ROS interfaces[0m
[2.351s] [ 46%] [32m[1mLinking CXX shared library libwarehouse_interfaces__rosidl_typesupport_cpp.so[0m
[2.418s] [35m[1mConsolidate compiler generated dependencies of target warehouse_interfaces__rosidl_typesupport_c[0m
[2.430s] [ 50%] [32mBuilding CXX object CMakeFiles/warehouse_interfaces__rosidl_typesupport_c.dir/rosidl_typesupport_c/warehouse_interfaces/srv/assign_task__type_support.cpp.o[0m
[2.437s] [ 53%] [32m[1mLinking CXX shared library libwarehouse_interfaces__rosidl_typesupport_introspection_cpp.so[0m
[2.446s] [35m[1mConsolidate compiler generated dependencies of target warehouse_interfaces__rosidl_typesupport_introspection_c[0m
[2.450s] [35m[1mConsolidate compiler generated dependencies of target warehouse_interfaces__rosidl_typesupport_fastrtps_c[0m
[2.457s] [ 56%] [32mBuilding C object CMakeFiles/warehouse_interfaces__rosidl_typesupport_introspection_c.dir/rosidl_typesupport_introspection_c/warehouse_interfaces/srv/detail/assign_task__type_support.c.o[0m
[2.461s] [ 62%] [32m[1mLinking CXX shared library libwarehouse_interfaces__rosidl_typesupport_c.so[0m
[2.461s] [ 62%] [32m[1mLinking CXX shared library libwarehouse_interfaces__rosidl_typesupport_fastrtps_cpp.so[0m
[2.462s] [ 65%] [32mBuilding CXX object CMakeFiles/warehouse_interfaces__rosidl_typesupport_fastrtps_c.dir/rosidl_typesupport_fastrtps_c/warehouse_interfaces/srv/detail/assign_task__type_support_c.cpp.o[0m
[2.493s] [ 68%] [32m[1mLinking C shared library libwarehouse_interfaces__rosidl_typesupport_introspection_c.so[0m
[2.667s] [ 68%] Built target warehouse_interfaces__rosidl_typesupport_cpp
[2.778s] [ 68%] Built target warehouse_interfaces__rosidl_typesupport_c
[2.789s] [ 71%] [32m[1mLinking CXX shared library libwarehouse_interfaces__rosidl_typesupport_fastrtps_c.so[0m
[2.811s] [ 71%] Built target warehouse_interfaces__rosidl_typesupport_fastrtps_cpp
[2.828s] [ 71%] Built target warehouse_interfaces__rosidl_typesupport_introspection_cpp
[2.858s] [ 71%] Built target warehouse_interfaces__rosidl_typesupport_introspection_c
[2.990s] [ 71%] Built target warehouse_interfaces__rosidl_typesupport_fastrtps_c
[3.007s] [ 71%] Built target warehouse_interfaces
[3.026s] [ 75%] [34m[1mGenerating Python code for ROS interfaces[0m
[3.348s] [ 75%] Built target warehouse_interfaces__py
[3.357s] [35m[1mConsolidate compiler generated dependencies of target warehouse_interfaces__rosidl_generator_py[0m
[3.369s] [ 78%] [32mBuilding C object CMakeFiles/warehouse_interfaces__rosidl_generator_py.dir/rosidl_generator_py/warehouse_interfaces/srv/_assign_task_s.c.o[0m
[3.500s] [ 81%] [32m[1mLinking C shared library rosidl_generator_py/warehouse_interfaces/libwarehouse_interfaces__rosidl_generator_py.so[0m
[3.627s] [ 81%] Built target warehouse_interfaces__rosidl_generator_py
[3.636s] [35m[1mConsolidate compiler generated dependencies of target warehouse_interfaces__rosidl_typesupport_fastrtps_c__pyext[0m
[3.636s] [35m[1mConsolidate compiler generated dependencies of target warehouse_interfaces__rosidl_typesupport_c__pyext[0m
[3.636s] [35m[1mConsolidate compiler generated dependencies of target warehouse_interfaces__rosidl_typesupport_introspection_c__pyext[0m
[3.647s] [ 84%] [32mBuilding C object CMakeFiles/warehouse_interfaces__rosidl_typesupport_c__pyext.dir/rosidl_generator_py/warehouse_interfaces/_warehouse_interfaces_s.ep.rosidl_typesupport_c.c.o[0m
[3.648s] [ 87%] [32mBuilding C object CMakeFiles/warehouse_interfaces__rosidl_typesupport_introspection_c__pyext.dir/rosidl_generator_py/warehouse_interfaces/_warehouse_interfaces_s.ep.rosidl_typesupport_introspection_c.c.o[0m
[3.648s] [ 90%] [32mBuilding C object CMakeFiles/warehouse_interfaces__rosidl_typesupport_fastrtps_c__pyext.dir/rosidl_generator_py/warehouse_interfaces/_warehouse_interfaces_s.ep.rosidl_typesupport_fastrtps_c.c.o[0m
[3.725s] [ 96%] [32m[1mLinking C shared library rosidl_generator_py/warehouse_interfaces/warehouse_interfaces_s__rosidl_typesupport_c.cpython-310-x86_64-linux-gnu.so[0m
[3.725s] [ 96%] [32m[1mLinking C shared library rosidl_generator_py/warehouse_interfaces/warehouse_interfaces_s__rosidl_typesupport_introspection_c.cpython-310-x86_64-linux-gnu.so[0m
[3.726s] [100%] [32m[1mLinking C shared library rosidl_generator_py/warehouse_interfaces/warehouse_interfaces_s__rosidl_typesupport_fastrtps_c.cpython-310-x86_64-linux-gnu.so[0m
[3.878s] [100%] Built target warehouse_interfaces__rosidl_typesupport_c__pyext
[3.880s] [100%] Built target warehouse_interfaces__rosidl_typesupport_fastrtps_c__pyext
[3.910s] [100%] Built target warehouse_interfaces__rosidl_typesupport_introspection_c__pyext
[3.922s] Invoked command in '/home/mrinal/warehouse_ws/build/warehouse_interfaces' returned '0': /usr/bin/cmake --build /home/mrinal/warehouse_ws/build/warehouse_interfaces -- -j24 -l24
[3.930s] Invoking command in '/home/mrinal/warehouse_ws/build/warehouse_interfaces': /usr/bin/cmake --install /home/mrinal/warehouse_ws/build/warehouse_interfaces
[3.937s] -- Install configuration: ""
[3.937s] -- Up-to-date: /home/mrinal/warehouse_ws/install/warehouse_interfaces/share/ament_index/resource_index/rosidl_interfaces/warehouse_interfaces
[3.937s] -- Up-to-date: /home/mrinal/warehouse_ws/install/warehouse_interfaces/include/warehouse_interfaces/warehouse_interfaces
[3.937s] -- Up-to-date: /home/mrinal/warehouse_ws/install/warehouse_interfaces/include/warehouse_interfaces/warehouse_interfaces/msg
[3.937s] -- Up-to-date: /home/mrinal/warehouse_ws/install/warehouse_interfaces/include/warehouse_interfaces/warehouse_interfaces/msg/rosidl_generator_c__visibility_control.h
[3.937s] -- Up-to-date: /home/mrinal/warehouse_ws/install/warehouse_interfaces/include/warehouse_interfaces/warehouse_interfaces/srv
[3.938s] -- Installing: /home/mrinal/warehouse_ws/install/warehouse_interfaces/include/warehouse_interfaces/warehouse_interfaces/srv/assign_task.h
[3.938s] -- Up-to-date: /home/mrinal/warehouse_ws/install/warehouse_interfaces/include/warehouse_interfaces/warehouse_interfaces/srv/detail
[3.938s] -- Installing: /home/mrinal/warehouse_ws/install/warehouse_interfaces/include/warehouse_interfaces/warehouse_interfaces/srv/detail/assign_task__type_support.h
[3.938s] -- Installing: /home/mrinal/warehouse_ws/install/warehouse_interfaces/include/warehouse_interfaces/warehouse_interfaces/srv/detail/assign_task__functions.h
[3.938s] -- Installing: /home/mrinal/warehouse_ws/install/warehouse_interfaces/include/warehouse_interfaces/warehouse_interfaces/srv/detail/assign_task__functions.c
[3.938s] -- Installing: /home/mrinal/warehouse_ws/install/warehouse_interfaces/include/warehouse_interfaces/warehouse_interfaces/srv/detail/assign_task__struct.h
[3.939s] -- Up-to-date: /home/mrinal/warehouse_ws/install/warehouse_interfaces/share/warehouse_interfaces/environment/library_path.sh
[3.939s] -- Installing: /home/mrinal/warehouse_ws/install/warehouse_interfaces/share/warehouse_interfaces/environment/library_path.dsv
[3.939s] -- Installing: /home/mrinal/warehouse_ws/install/warehouse_interfaces/lib/libwarehouse_interfaces__rosidl_generator_c.so
[3.940s] -- Set runtime path of "/home/mrinal/warehouse_ws/install/warehouse_interfaces/lib/libwarehouse_interfaces__rosidl_generator_c.so" to ""
[3.940s] -- Up-to-date: /home/mrinal/warehouse_ws/install/warehouse_interfaces/include/warehouse_interfaces/warehouse_interfaces
[3.940s] -- Up-to-date: /home/mrinal/warehouse_ws/install/warehouse_interfaces/include/warehouse_interfaces/warehouse_interfaces/msg
[3.940s] -- Up-to-date: /home/mrinal/warehouse_ws/install/warehouse_interfaces/include/warehouse_interfaces/warehouse_interfaces/msg/rosidl_typesupport_fastrtps_c__visibility_control.h
[3.940s] -- Up-to-date: /home/mrinal/warehouse_ws/install/warehouse_interfaces/include/warehouse_interfaces/warehouse_interfaces/srv
[3.940s] -- Up-to-date: /home/mrinal/warehouse_ws/install/warehouse_interfaces/include/warehouse_interfaces/warehouse_interfaces/srv/detail
[3.940s] -- Installing: /home/mrinal/warehouse_ws/install/warehouse_interfaces/include/warehouse_interfaces/warehouse_interfaces/srv/detail/assign_task__rosidl_typesupport_fastrtps_c.h
[3.940s] -- Installing: /home/mrinal/warehouse_ws/install/warehouse_interfaces/lib/libwarehouse_interfaces__rosidl_typesupport_fastrtps_c.so
[3.941s] -- Set runtime path of "/home/mrinal/warehouse_ws/install/warehouse_interfaces/lib/libwarehouse_interfaces__rosidl_typesupport_fastrtps_c.so" to ""
[3.941s] -- Up-to-date: /home/mrinal/warehouse_ws/install/warehouse_interfaces/include/warehouse_interfaces/warehouse_interfaces
[3.941s] -- Up-to-date: /home/mrinal/warehouse_ws/install/warehouse_interfaces/include/warehouse_interfaces/warehouse_interfaces/msg
[3.941s] -- Up-to-date: /home/mrinal/warehouse_ws/install/warehouse_interfaces/include/warehouse_interfaces/warehouse_interfaces/msg/rosidl_typesupport_introspection_c__visibility_control.h
[3.941s] -- Up-to-date: /home/mrinal/warehouse_ws/install/warehouse_interfaces/include/warehouse_interfaces/warehouse_interfaces/srv
[3.941s] -- Up-to-date: /home/mrinal/warehouse_ws/install/warehouse_interfaces/include/warehouse_interfaces/warehouse_interfaces/srv/detail
[3.942s] -- Installing: /home/mrinal/warehouse_ws/install/warehouse_interfaces/include/warehouse_interfaces/warehouse_interfaces/srv/detail/assign_task__type_support.c
[3.942s] -- Installing: /home/mrinal/warehouse_ws/install/warehouse_interfaces/include/warehouse_interfaces/warehouse_interfaces/srv/detail/assign_task__rosidl_typesupport_introspection_c.h
[3.942s] -- Installing: /home/mrinal/warehouse_ws/install/warehouse_interfaces/lib/libwarehouse_interfaces__rosidl_typesupport_introspection_c.so
[3.943s] -- Set runtime path of "/home/mrinal/warehouse_ws/install/warehouse_interfaces/lib/libwarehouse_interfaces__rosidl_typesupport_introspection_c.so" to ""
[3.943s] -- Installing: /home/mrinal/warehouse_ws/install/warehouse_interfaces/lib/libwarehouse_interfaces__rosidl_typesupport_c.so
[3.943s] -- Set runtime path of "/home/mrinal/warehouse_ws/install/warehouse_interfaces/lib/libwarehouse_interfaces__rosidl_typesupport_c.so" to ""
[3.944s] -- Up-to-date: /home/mrinal/warehouse_ws/install/warehouse_interfaces/include/warehouse_interfaces/warehouse_interfaces
[3.944s] -- Up-to-date: /home/mrinal/warehouse_ws/install/warehouse_interfaces/include/warehouse_interfaces/warehouse_interfaces/msg
[3.944s] -- Up-to-date: /home/mrinal/warehouse_ws/install/warehouse_interfaces/include/warehouse_interfaces/warehouse_interfaces/msg/rosidl_generator_cpp__visibility_control.hpp
[3.944s] -- Up-to-date: /home/mrinal/warehouse_ws/install/warehouse_interfaces/include/warehouse_interfaces/warehouse_interfaces/srv
[3.944s] -- Installing: /home/mrinal/warehouse_ws/install/warehouse_interfaces/include/warehouse_interfaces/warehouse_interfaces/srv/assign_task.hpp
[3.944s] -- Up-to-date: /home/mrinal/warehouse_ws/install/warehouse_interfaces/include/warehouse_interfaces/warehouse_interfaces/srv/detail
[3.944s] -- Installing: /home/mrinal/warehouse_ws/install/warehouse_interfaces/include/warehouse_interfaces/warehouse_interfaces/srv/detail/assign_task__type_support.hpp
[3.944s] -- Installing: /home/mrinal/warehouse_ws/install/warehouse_interfaces/include/warehouse_interfaces/warehouse_interfaces/srv/detail/assign_task__traits.hpp
[3.944s] -- Installing: /home/mrinal/warehouse_ws/install/warehouse_interfaces/include/warehouse_interfaces/warehouse_interfaces/srv/detail/assign_task__struct.hpp
[3.945s] -- Installing: /home/mrinal/warehouse_ws/install/warehouse_interfaces/include/warehouse_interfaces/warehouse_interfaces/srv/detail/assign_task__builder.hpp
[3.945s] -- Up-to-date: /home/mrinal/warehouse_ws/install/warehouse_interfaces/include/warehouse_interfaces/warehouse_interfaces
[3.945s] -- Up-to-date: /home/mrinal/warehouse_ws/install/warehouse_interfaces/include/warehouse_interfaces/warehouse_interfaces/msg
[3.945s] -- Up-to-date: /home/mrinal/warehouse_ws/install/warehouse_interfaces/include/warehouse_interfaces/warehouse_interfaces/msg/rosidl_typesupport_fastrtps_cpp__visibility_control.h
[3.945s] -- Up-to-date: /home/mrinal/warehouse_ws/install/warehouse_interfaces/include/warehouse_interfaces/warehouse_interfaces/srv
[3.946s] -- Up-to-date: /home/mrinal/warehouse_ws/install/warehouse_interfaces/include/warehouse_interfaces/warehouse_interfaces/srv/detail
[3.946s] -- Installing: /home/mrinal/warehouse_ws/install/warehouse_interfaces/include/warehouse_interfaces/warehouse_interfaces/srv/detail/assign_task__rosidl_typesupport_fastrtps_cpp.hpp
[3.946s] -- Up-to-date: /home/mrinal/warehouse_ws/install/warehouse_interfaces/include/warehouse_interfaces/warehouse_interfaces/srv/detail/dds_fastrtps
[3.946s] -- Installing: /home/mrinal/warehouse_ws/install/warehouse_interfaces/lib/libwarehouse_interfaces__rosidl_typesupport_fastrtps_cpp.so
[3.947s] -- Set runtime path of "/home/mrinal/warehouse_ws/install/warehouse_interfaces/lib/libwarehouse_interfaces__rosidl_typesupport_fastrtps_cpp.so" to ""
[3.947s] -- Up-to-date: /home/mrinal/warehouse_ws/install/warehouse_interfaces/include/warehouse_interfaces/warehouse_interfaces
[3.947s] -- Up-to-date: /home/mrinal/warehouse_ws/install/warehouse_interfaces/include/warehouse_interfaces/warehouse_interfaces/srv
[3.947s] -- Up-to-date: /home/mrinal/warehouse_ws/install/warehouse_interfaces/include/warehouse_interfaces/warehouse_interfaces/srv/detail
[3.947s] -- Installing: /home/mrinal/warehouse_ws/install/warehouse_interfaces/include/warehouse_interfaces/warehouse_interfaces/srv/detail/assign_task__type_support.cpp
[3.947s] -- Installing: /home/mrinal/warehouse_ws/install/warehouse_interfaces/include/warehouse_interfaces/warehouse_interfaces/srv/detail/assign_task__rosidl_typesupport_introspection_cpp.hpp
[3.948s] -- Installing: /home/mrinal/warehouse_ws/install/warehouse_interfaces/lib/libwarehouse_interfaces__rosidl_typesupport_introspection_cpp.so
[3.949s] -- Set runtime path of "/home/mrinal/warehouse_ws/install/warehouse_interfaces/lib/libwarehouse_interfaces__rosidl_typesupport_introspection_cpp.so" to ""
[3.950s] -- Installing: /home/mrinal/warehouse_ws/install/warehouse_interfaces/lib/libwarehouse_interfaces__rosidl_typesupport_cpp.so
[3.950s] -- Set runtime path of "/home/mrinal/warehouse_ws/install/warehouse_interfaces/lib/libwarehouse_interfaces__rosidl_typesupport_cpp.so" to ""
[3.950s] -- Up-to-date: /home/mrinal/warehouse_ws/install/warehouse_interfaces/share/warehouse_interfaces/environment/pythonpath.sh
[3.950s] -- Installing: /home/mrinal/warehouse_ws/install/warehouse_interfaces/share/warehouse_interfaces/environment/pythonpath.dsv
[3.951s] -- Up-to-date: /home/mrinal/warehouse_ws/install/warehouse_interfaces/local/lib/python3.10/dist-packages/warehouse_interfaces-0.0.0-py3.10.egg-info
[3.951s] -- Installing: /home/mrinal/warehouse_ws/install/warehouse_interfaces/local/lib/python3.10/dist-packages/warehouse_interfaces-0.0.0-py3.10.egg-info/top_level.txt
[3.951s] -- Installing: /home/mrinal/warehouse_ws/install/warehouse_interfaces/local/lib/python3.10/dist-packages/warehouse_interfaces-0.0.0-py3.10.egg-info/PKG-INFO
[3.951s] -- Installing: /home/mrinal/warehouse_ws/install/warehouse_interfaces/local/lib/python3.10/dist-packages/warehouse_interfaces-0.0.0-py3.10.egg-info/SOURCES.txt
[3.951s] -- Installing: /home/mrinal/warehouse_ws/install/warehouse_interfaces/local/lib/python3.10/dist-packages/warehouse_interfaces-0.0.0-py3.10.egg-info/dependency_links.txt
[3.951s] -- Up-to-date: /home/mrinal/warehouse_ws/install/warehouse_interfaces/local/lib/python3.10/dist-packages/warehouse_interfaces
[3.951s] -- Installing: /home/mrinal/warehouse_ws/install/warehouse_interfaces/local/lib/python3.10/dist-packages/warehouse_interfaces/libwarehouse_interfaces__rosidl_generator_py.so
[3.951s] -- Installing: /home/mrinal/warehouse_ws/install/warehouse_interfaces/local/lib/python3.10/dist-packages/warehouse_interfaces/warehouse_interfaces_s__rosidl_typesupport_fastrtps_c.cpython-310-x86_64-linux-gnu.so
[3.951s] -- Installing: /home/mrinal/warehouse_ws/install/warehouse_interfaces/local/lib/python3.10/dist-packages/warehouse_interfaces/__init__.py
[3.951s] -- Installing: /home/mrinal/warehouse_ws/install/warehouse_interfaces/local/lib/python3.10/dist-packages/warehouse_interfaces/_warehouse_interfaces_s.ep.rosidl_typesupport_fastrtps_c.c
[3.952s] -- Installing: /home/mrinal/warehouse_ws/install/warehouse_interfaces/local/lib/python3.10/dist-packages/warehouse_interfaces/warehouse_interfaces_s__rosidl_typesupport_introspection_c.cpython-310-x86_64-linux-gnu.so
[3.952s] -- Up-to-date: /home/mrinal/warehouse_ws/install/warehouse_interfaces/local/lib/python3.10/dist-packages/warehouse_interfaces/srv
[3.952s] -- Installing: /home/mrinal/warehouse_ws/install/warehouse_interfaces/local/lib/python3.10/dist-packages/warehouse_interfaces/srv/_assign_task.py
[3.952s] -- Installing: /home/mrinal/warehouse_ws/install/warehouse_interfaces/local/lib/python3.10/dist-packages/warehouse_interfaces/srv/__init__.py
[3.952s] -- Installing: /home/mrinal/warehouse_ws/install/warehouse_interfaces/local/lib/python3.10/dist-packages/warehouse_interfaces/srv/_assign_task_s.c
[3.952s] -- Installing: /home/mrinal/warehouse_ws/install/warehouse_interfaces/local/lib/python3.10/dist-packages/warehouse_interfaces/warehouse_interfaces_s__rosidl_typesupport_c.cpython-310-x86_64-linux-gnu.so
[3.953s] -- Installing: /home/mrinal/warehouse_ws/install/warehouse_interfaces/local/lib/python3.10/dist-packages/warehouse_interfaces/_warehouse_interfaces_s.ep.rosidl_typesupport_c.c
[3.953s] -- Installing: /home/mrinal/warehouse_ws/install/warehouse_interfaces/local/lib/python3.10/dist-packages/warehouse_interfaces/_warehouse_interfaces_s.ep.rosidl_typesupport_introspection_c.c
[3.985s] Listing '/home/mrinal/warehouse_ws/install/warehouse_interfaces/local/lib/python3.10/dist-packages/warehouse_interfaces'...
[3.985s] Compiling '/home/mrinal/warehouse_ws/install/warehouse_interfaces/local/lib/python3.10/dist-packages/warehouse_interfaces/__init__.py'...
[3.985s] Listing '/home/mrinal/warehouse_ws/install/warehouse_interfaces/local/lib/python3.10/dist-packages/warehouse_interfaces/srv'...
[3.985s] Compiling '/home/mrinal/warehouse_ws/install/warehouse_interfaces/local/lib/python3.10/dist-packages/warehouse_interfaces/srv/__init__.py'...
[3.985s] Compiling '/home/mrinal/warehouse_ws/install/warehouse_interfaces/local/lib/python3.10/dist-packages/warehouse_interfaces/srv/_assign_task.py'...
[3.989s] -- Installing: /home/mrinal/warehouse_ws/install/warehouse_interfaces/local/lib/python3.10/dist-packages/warehouse_interfaces/warehouse_interfaces_s__rosidl_typesupport_fastrtps_c.cpython-310-x86_64-linux-gnu.so
[3.989s] -- Set runtime path of "/home/mrinal/warehouse_ws/install/warehouse_interfaces/local/lib/python3.10/dist-packages/warehouse_interfaces/warehouse_interfaces_s__rosidl_typesupport_fastrtps_c.cpython-310-x86_64-linux-gnu.so" to ""
[3.989s] -- Installing: /home/mrinal/warehouse_ws/install/warehouse_interfaces/local/lib/python3.10/dist-packages/warehouse_interfaces/warehouse_interfaces_s__rosidl_typesupport_introspection_c.cpython-310-x86_64-linux-gnu.so
[3.990s] -- Set runtime path of "/home/mrinal/warehouse_ws/install/warehouse_interfaces/local/lib/python3.10/dist-packages/warehouse_interfaces/warehouse_interfaces_s__rosidl_typesupport_introspection_c.cpython-310-x86_64-linux-gnu.so" to ""
[3.990s] -- Installing: /home/mrinal/warehouse_ws/install/warehouse_interfaces/local/lib/python3.10/dist-packages/warehouse_interfaces/warehouse_interfaces_s__rosidl_typesupport_c.cpython-310-x86_64-linux-gnu.so
[3.990s] -- Set runtime path of "/home/mrinal/warehouse_ws/install/warehouse_interfaces/local/lib/python3.10/dist-packages/warehouse_interfaces/warehouse_interfaces_s__rosidl_typesupport_c.cpython-310-x86_64-linux-gnu.so" to ""
[3.990s] -- Installing: /home/mrinal/warehouse_ws/install/warehouse_interfaces/lib/libwarehouse_interfaces__rosidl_generator_py.so
[3.991s] -- Set runtime path of "/home/mrinal/warehouse_ws/install/warehouse_interfaces/lib/libwarehouse_interfaces__rosidl_generator_py.so" to ""
[3.991s] -- Up-to-date: /home/mrinal/warehouse_ws/install/warehouse_interfaces/share/ament_index/resource_index/rust_packages/warehouse_interfaces
[3.991s] -- Up-to-date: /home/mrinal/warehouse_ws/install/warehouse_interfaces/share/warehouse_interfaces/rust
[3.991s] -- Installing: /home/mrinal/warehouse_ws/install/warehouse_interfaces/share/warehouse_interfaces/rust/Cargo.toml
[3.991s] -- Installing: /home/mrinal/warehouse_ws/install/warehouse_interfaces/share/warehouse_interfaces/rust/build.rs
[3.991s] -- Up-to-date: /home/mrinal/warehouse_ws/install/warehouse_interfaces/share/warehouse_interfaces/rust/src
[3.992s] -- Installing: /home/mrinal/warehouse_ws/install/warehouse_interfaces/share/warehouse_interfaces/rust/src/lib.rs
[3.992s] -- Installing: /home/mrinal/warehouse_ws/install/warehouse_interfaces/share/warehouse_interfaces/rust/src/srv.rs
[3.992s] -- Up-to-date: /home/mrinal/warehouse_ws/install/warehouse_interfaces/share/warehouse_interfaces/rust/src/srv
[3.992s] -- Installing: /home/mrinal/warehouse_ws/install/warehouse_interfaces/share/warehouse_interfaces/rust/src/srv/rmw.rs
[3.992s] -- Installing: /home/mrinal/warehouse_ws/install/warehouse_interfaces/share/warehouse_interfaces/srv/AssignTask.idl
[3.992s] -- Installing: /home/mrinal/warehouse_ws/install/warehouse_interfaces/share/warehouse_interfaces/srv/AssignTask.srv
[3.992s] -- Installing: /home/mrinal/warehouse_ws/install/warehouse_interfaces/share/warehouse_interfaces/srv/AssignTask_Request.msg
[3.992s] -- Up-to-date: /home/mrinal/warehouse_ws/install/warehouse_interfaces/share/warehouse_interfaces/srv/AssignTask_Response.msg
[3.993s] -- Up-to-date: /home/mrinal/warehouse_ws/install/warehouse_interfaces/share/ament_index/resource_index/package_run_dependencies/warehouse_interfaces
[3.993s] -- Up-to-date: /home/mrinal/warehouse_ws/install/warehouse_interfaces/share/ament_index/resource_index/parent_prefix_path/warehouse_interfaces
[3.993s] -- Up-to-date: /home/mrinal/warehouse_ws/install/warehouse_interfaces/share/warehouse_interfaces/environment/ament_prefix_path.sh
[3.993s] -- Installing: /home/mrinal/warehouse_ws/install/warehouse_interfaces/share/warehouse_interfaces/environment/ament_prefix_path.dsv
[3.993s] -- Up-to-date: /home/mrinal/warehouse_ws/install/warehouse_interfaces/share/warehouse_interfaces/environment/path.sh
[3.993s] -- Installing: /home/mrinal/warehouse_ws/install/warehouse_interfaces/share/warehouse_interfaces/environment/path.dsv
[3.993s] -- Up-to-date: /home/mrinal/warehouse_ws/install/warehouse_interfaces/share/warehouse_interfaces/local_setup.bash
[3.993s] -- Up-to-date: /home/mrinal/warehouse_ws/install/warehouse_interfaces/share/warehouse_interfaces/local_setup.sh
[3.993s] -- Up-to-date: /home/mrinal/warehouse_ws/install/warehouse_interfaces/share/warehouse_interfaces/local_setup.zsh
[3.993s] -- Installing: /home/mrinal/warehouse_ws/install/warehouse_interfaces/share/warehouse_interfaces/local_setup.dsv
[3.994s] -- Installing: /home/mrinal/warehouse_ws/install/warehouse_interfaces/share/warehouse_interfaces/package.dsv
[3.994s] -- Up-to-date: /home/mrinal/warehouse_ws/install/warehouse_interfaces/share/ament_index/resource_index/packages/warehouse_interfaces
[3.994s] -- Up-to-date: /home/mrinal/warehouse_ws/install/warehouse_interfaces/share/warehouse_interfaces/cmake/export_warehouse_interfaces__rosidl_generator_cExport.cmake
[3.994s] -- Up-to-date: /home/mrinal/warehouse_ws/install/warehouse_interfaces/share/warehouse_interfaces/cmake/export_warehouse_interfaces__rosidl_generator_cExport-noconfig.cmake
[3.995s] -- Up-to-date: /home/mrinal/warehouse_ws/install/warehouse_interfaces/share/warehouse_interfaces/cmake/export_warehouse_interfaces__rosidl_typesupport_fastrtps_cExport.cmake
[3.995s] -- Up-to-date: /home/mrinal/warehouse_ws/install/warehouse_interfaces/share/warehouse_interfaces/cmake/export_warehouse_interfaces__rosidl_typesupport_fastrtps_cExport-noconfig.cmake
[3.995s] -- Up-to-date: /home/mrinal/warehouse_ws/install/warehouse_interfaces/share/warehouse_interfaces/cmake/warehouse_interfaces__rosidl_typesupport_introspection_cExport.cmake
[3.995s] -- Up-to-date: /home/mrinal/warehouse_ws/install/warehouse_interfaces/share/warehouse_interfaces/cmake/warehouse_interfaces__rosidl_typesupport_introspection_cExport-noconfig.cmake
[3.995s] -- Up-to-date: /home/mrinal/warehouse_ws/install/warehouse_interfaces/share/warehouse_interfaces/cmake/warehouse_interfaces__rosidl_typesupport_cExport.cmake
[3.996s] -- Up-to-date: /home/mrinal/warehouse_ws/install/warehouse_interfaces/share/warehouse_interfaces/cmake/warehouse_interfaces__rosidl_typesupport_cExport-noconfig.cmake
[3.996s] -- Up-to-date: /home/mrinal/warehouse_ws/install/warehouse_interfaces/share/warehouse_interfaces/cmake/export_warehouse_interfaces__rosidl_generator_cppExport.cmake
[3.996s] -- Up-to-date: /home/mrinal/warehouse_ws/install/warehouse_interfaces/share/warehouse_interfaces/cmake/export_warehouse_interfaces__rosidl_typesupport_fastrtps_cppExport.cmake
[3.996s] -- Up-to-date: /home/mrinal/warehouse_ws/install/warehouse_interfaces/share/warehouse_interfaces/cmake/export_warehouse_interfaces__rosidl_typesupport_fastrtps_cppExport-noconfig.cmake
[3.997s] -- Up-to-date: /home/mrinal/warehouse_ws/install/warehouse_interfaces/share/warehouse_interfaces/cmake/warehouse_interfaces__rosidl_typesupport_introspection_cppExport.cmake
[3.997s] -- Up-to-date: /home/mrinal/warehouse_ws/install/warehouse_interfaces/share/warehouse_interfaces/cmake/warehouse_interfaces__rosidl_typesupport_introspection_cppExport-noconfig.cmake
[3.997s] -- Up-to-date: /home/mrinal/warehouse_ws/install/warehouse_interfaces/share/warehouse_interfaces/cmake/warehouse_interfaces__rosidl_typesupport_cppExport.cmake
[3.997s] -- Up-to-date: /home/mrinal/warehouse_ws/install/warehouse_interfaces/share/warehouse_interfaces/cmake/warehouse_interfaces__rosidl_typesupport_cppExport-noconfig.cmake
[3.998s] -- Up-to-date: /home/mrinal/warehouse_ws/install/warehouse_interfaces/share/warehouse_interfaces/cmake/export_warehouse_interfaces__rosidl_generator_pyExport.cmake
[3.998s] -- Up-to-date: /home/mrinal/warehouse_ws/install/warehouse_interfaces/share/warehouse_interfaces/cmake/export_warehouse_interfaces__rosidl_generator_pyExport-noconfig.cmake
[3.998s] -- Up-to-date: /home/mrinal/warehouse_ws/install/warehouse_interfaces/share/warehouse_interfaces/cmake/rosidl_cmake-extras.cmake
[3.998s] -- Up-to-date: /home/mrinal/warehouse_ws/install/warehouse_interfaces/share/warehouse_interfaces/cmake/ament_cmake_export_include_directories-extras.cmake
[3.998s] -- Up-to-date: /home/mrinal/warehouse_ws/install/warehouse_interfaces/share/warehouse_interfaces/cmake/ament_cmake_export_libraries-extras.cmake
[3.998s] -- Up-to-date: /home/mrinal/warehouse_ws/install/warehouse_interfaces/share/warehouse_interfaces/cmake/ament_cmake_export_targets-extras.cmake
[3.998s] -- Up-to-date: /home/mrinal/warehouse_ws/install/warehouse_interfaces/share/warehouse_interfaces/cmake/rosidl_cmake_export_typesupport_targets-extras.cmake
[3.998s] -- Up-to-date: /home/mrinal/warehouse_ws/install/warehouse_interfaces/share/warehouse_interfaces/cmake/ament_cmake_export_dependencies-extras.cmake
[3.998s] -- Up-to-date: /home/mrinal/warehouse_ws/install/warehouse_interfaces/share/warehouse_interfaces/cmake/rosidl_cmake_export_typesupport_libraries-extras.cmake
[3.998s] -- Up-to-date: /home/mrinal/warehouse_ws/install/warehouse_interfaces/share/warehouse_interfaces/cmake/warehouse_interfacesConfig.cmake
[3.998s] -- Up-to-date: /home/mrinal/warehouse_ws/install/warehouse_interfaces/share/warehouse_interfaces/cmake/warehouse_interfacesConfig-version.cmake
[3.999s] -- Up-to-date: /home/mrinal/warehouse_ws/install/warehouse_interfaces/share/warehouse_interfaces/package.xml
[4.000s] Invoked command in '/home/mrinal/warehouse_ws/build/warehouse_interfaces' returned '0': /usr/bin/cmake --install /home/mrinal/warehouse_ws/build/warehouse_interfaces
